{"C:\\Users\\Kaur Taal\\Documents\\Isiklik\\Kabe-veebirakendus\\src\\App.vue": {"path":"C:\\Users\\Kaur Taal\\Documents\\Isiklik\\Kabe-veebirakendus\\src\\App.vue","statementMap":{"0":{"start":{"line":6,"column":0},"end":{"line":6,"column":null}}},"fnMap":{},"branchMap":{},"s":{"0":0},"f":{},"b":{}}
,"C:\\Users\\Kaur Taal\\Documents\\Isiklik\\Kabe-veebirakendus\\src\\main.js": {"path":"C:\\Users\\Kaur Taal\\Documents\\Isiklik\\Kabe-veebirakendus\\src\\main.js","statementMap":{"0":{"start":{"line":6,"column":0},"end":{"line":9,"column":3}},"1":{"start":{"line":8,"column":17},"end":{"line":8,"column":23}}},"fnMap":{"0":{"name":"(anonymous_0)","decl":{"start":{"line":8,"column":12},"end":{"line":8,"column":13}},"loc":{"start":{"line":8,"column":17},"end":{"line":8,"column":23}},"line":8}},"branchMap":{},"s":{"0":0,"1":0},"f":{"0":0},"b":{},"hash":"d8254d29dd6ada03924cab0ea00f246372d3119b"}
,"C:\\Users\\Kaur Taal\\Documents\\Isiklik\\Kabe-veebirakendus\\src\\components\\KabeLaud.vue": {"path":"C:\\Users\\Kaur Taal\\Documents\\Isiklik\\Kabe-veebirakendus\\src\\components\\KabeLaud.vue","statementMap":{"0":{"start":{"line":44,"column":0},"end":{"line":44,"column":null}},"1":{"start":{"line":45,"column":0},"end":{"line":45,"column":null}},"2":{"start":{"line":46,"column":0},"end":{"line":46,"column":null}},"3":{"start":{"line":54,"column":0},"end":{"line":54,"column":null}},"4":{"start":{"line":61,"column":0},"end":{"line":61,"column":null}},"5":{"start":{"line":62,"column":0},"end":{"line":64,"column":null}},"6":{"start":{"line":63,"column":0},"end":{"line":63,"column":null}},"7":{"start":{"line":65,"column":0},"end":{"line":65,"column":null}},"8":{"start":{"line":71,"column":0},"end":{"line":71,"column":null}},"9":{"start":{"line":73,"column":0},"end":{"line":73,"column":null}},"10":{"start":{"line":75,"column":0},"end":{"line":75,"column":null}},"11":{"start":{"line":77,"column":0},"end":{"line":77,"column":null}},"12":{"start":{"line":79,"column":0},"end":{"line":79,"column":null}},"13":{"start":{"line":81,"column":0},"end":{"line":81,"column":null}},"14":{"start":{"line":83,"column":0},"end":{"line":83,"column":null}},"15":{"start":{"line":85,"column":0},"end":{"line":85,"column":null}},"16":{"start":{"line":89,"column":0},"end":{"line":89,"column":null}},"17":{"start":{"line":90,"column":0},"end":{"line":90,"column":null}},"18":{"start":{"line":92,"column":0},"end":{"line":92,"column":null}},"19":{"start":{"line":94,"column":0},"end":{"line":94,"column":null}},"20":{"start":{"line":96,"column":0},"end":{"line":96,"column":null}},"21":{"start":{"line":98,"column":0},"end":{"line":98,"column":null}}},"fnMap":{"0":{"name":"(anonymous_1)","decl":{"start":{"line":53,"column":0},"end":{"line":53,"column":null}},"loc":{"start":{"line":53,"column":0},"end":{"line":57,"column":null}}},"1":{"name":"(anonymous_2)","decl":{"start":{"line":60,"column":0},"end":{"line":60,"column":null}},"loc":{"start":{"line":60,"column":0},"end":{"line":66,"column":null}}},"2":{"name":"(anonymous_3)","decl":{"start":{"line":62,"column":0},"end":{"line":62,"column":null}},"loc":{"start":{"line":62,"column":0},"end":{"line":64,"column":null}}},"3":{"name":"(anonymous_4)","decl":{"start":{"line":70,"column":0},"end":{"line":70,"column":null}},"loc":{"start":{"line":70,"column":0},"end":{"line":86,"column":null}}},"4":{"name":"(anonymous_5)","decl":{"start":{"line":88,"column":0},"end":{"line":88,"column":null}},"loc":{"start":{"line":88,"column":0},"end":{"line":100,"column":null}}}},"branchMap":{"0":{"loc":{"start":{"line":71,"column":0},"end":{"line":71,"column":null}},"type":"if","locations":[{"start":{"line":71,"column":0},"end":{"line":71,"column":null}},{"start":{"line":71,"column":0},"end":{"line":71,"column":null}}]},"1":{"loc":{"start":{"line":73,"column":0},"end":{"line":73,"column":null}},"type":"if","locations":[{"start":{"line":73,"column":0},"end":{"line":73,"column":null}},{"start":{"line":73,"column":0},"end":{"line":73,"column":null}}]},"2":{"loc":{"start":{"line":75,"column":0},"end":{"line":75,"column":null}},"type":"if","locations":[{"start":{"line":75,"column":0},"end":{"line":75,"column":null}},{"start":{"line":75,"column":0},"end":{"line":75,"column":null}}]},"3":{"loc":{"start":{"line":77,"column":0},"end":{"line":77,"column":null}},"type":"if","locations":[{"start":{"line":77,"column":0},"end":{"line":77,"column":null}},{"start":{"line":77,"column":0},"end":{"line":77,"column":null}}]},"4":{"loc":{"start":{"line":79,"column":0},"end":{"line":79,"column":null}},"type":"if","locations":[{"start":{"line":79,"column":0},"end":{"line":79,"column":null}},{"start":{"line":79,"column":0},"end":{"line":79,"column":null}}]},"5":{"loc":{"start":{"line":81,"column":0},"end":{"line":81,"column":null}},"type":"if","locations":[{"start":{"line":81,"column":0},"end":{"line":81,"column":null}},{"start":{"line":81,"column":0},"end":{"line":81,"column":null}}]},"6":{"loc":{"start":{"line":83,"column":0},"end":{"line":83,"column":null}},"type":"if","locations":[{"start":{"line":83,"column":0},"end":{"line":83,"column":null}},{"start":{"line":83,"column":0},"end":{"line":83,"column":null}}]},"7":{"loc":{"start":{"line":92,"column":0},"end":{"line":92,"column":null}},"type":"if","locations":[{"start":{"line":92,"column":0},"end":{"line":92,"column":null}},{"start":{"line":92,"column":0},"end":{"line":92,"column":null}}]},"8":{"loc":{"start":{"line":94,"column":0},"end":{"line":94,"column":null}},"type":"if","locations":[{"start":{"line":94,"column":0},"end":{"line":94,"column":null}},{"start":{"line":94,"column":0},"end":{"line":94,"column":null}}]},"9":{"loc":{"start":{"line":96,"column":0},"end":{"line":96,"column":null}},"type":"if","locations":[{"start":{"line":96,"column":0},"end":{"line":96,"column":null}},{"start":{"line":96,"column":0},"end":{"line":96,"column":null}}]},"10":{"loc":{"start":{"line":98,"column":0},"end":{"line":98,"column":null}},"type":"if","locations":[{"start":{"line":98,"column":0},"end":{"line":98,"column":null}},{"start":{"line":98,"column":0},"end":{"line":98,"column":null}}]}},"s":{"0":0,"1":0,"2":0,"3":0,"4":0,"5":0,"6":0,"7":0,"8":0,"9":0,"10":0,"11":0,"12":0,"13":0,"14":0,"15":0,"16":0,"17":0,"18":0,"19":0,"20":0,"21":0},"f":{"0":0,"1":0,"2":0,"3":0,"4":0},"b":{"0":[0,0],"1":[0,0],"2":[0,0],"3":[0,0],"4":[0,0],"5":[0,0],"6":[0,0],"7":[0,0],"8":[0,0],"9":[0,0],"10":[0,0]}}
,"C:\\Users\\Kaur Taal\\Documents\\Isiklik\\Kabe-veebirakendus\\src\\pages\\Kabe.vue": {"path":"C:\\Users\\Kaur Taal\\Documents\\Isiklik\\Kabe-veebirakendus\\src\\pages\\Kabe.vue","statementMap":{"0":{"start":{"line":8,"column":0},"end":{"line":8,"column":null}},"1":{"start":{"line":9,"column":0},"end":{"line":9,"column":null}}},"fnMap":{},"branchMap":{},"s":{"0":0,"1":0},"f":{},"b":{}}
,"C:\\Users\\Kaur Taal\\Documents\\Isiklik\\Kabe-veebirakendus\\src\\scripts\\annaKõikKäigud.js": {"path":"C:\\Users\\Kaur Taal\\Documents\\Isiklik\\Kabe-veebirakendus\\src\\scripts\\annaKõikKäigud.js","statementMap":{"0":{"start":{"line":3,"column":23},"end":{"line":14,"column":1}},"1":{"start":{"line":4,"column":17},"end":{"line":4,"column":19}},"2":{"start":{"line":6,"column":17},"end":{"line":6,"column":40}},"3":{"start":{"line":7,"column":2},"end":{"line":12,"column":3}},"4":{"start":{"line":7,"column":15},"end":{"line":7,"column":16}},"5":{"start":{"line":8,"column":4},"end":{"line":11,"column":5}},"6":{"start":{"line":8,"column":17},"end":{"line":8,"column":18}},"7":{"start":{"line":9,"column":6},"end":{"line":9,"column":26}},"8":{"start":{"line":10,"column":6},"end":{"line":10,"column":24}},"9":{"start":{"line":13,"column":2},"end":{"line":13,"column":16}},"10":{"start":{"line":16,"column":12},"end":{"line":27,"column":1}},"11":{"start":{"line":17,"column":15},"end":{"line":17,"column":17}},"12":{"start":{"line":18,"column":2},"end":{"line":25,"column":3}},"13":{"start":{"line":18,"column":15},"end":{"line":18,"column":16}},"14":{"start":{"line":19,"column":4},"end":{"line":24,"column":5}},"15":{"start":{"line":19,"column":17},"end":{"line":19,"column":18}},"16":{"start":{"line":20,"column":6},"end":{"line":23,"column":7}},"17":{"start":{"line":21,"column":8},"end":{"line":22,"column":58}},"18":{"start":{"line":22,"column":10},"end":{"line":22,"column":58}},"19":{"start":{"line":26,"column":2},"end":{"line":26,"column":16}}},"fnMap":{"0":{"name":"(anonymous_0)","decl":{"start":{"line":3,"column":23},"end":{"line":3,"column":24}},"loc":{"start":{"line":3,"column":47},"end":{"line":14,"column":1}},"line":3},"1":{"name":"(anonymous_1)","decl":{"start":{"line":16,"column":12},"end":{"line":16,"column":13}},"loc":{"start":{"line":16,"column":36},"end":{"line":27,"column":1}},"line":16}},"branchMap":{"0":{"loc":{"start":{"line":20,"column":6},"end":{"line":23,"column":7}},"type":"if","locations":[{"start":{"line":20,"column":6},"end":{"line":23,"column":7}},{"start":{"line":20,"column":6},"end":{"line":23,"column":7}}],"line":20},"1":{"loc":{"start":{"line":21,"column":8},"end":{"line":22,"column":58}},"type":"if","locations":[{"start":{"line":21,"column":8},"end":{"line":22,"column":58}},{"start":{"line":21,"column":8},"end":{"line":22,"column":58}}],"line":21}},"s":{"0":1,"1":4,"2":4,"3":4,"4":4,"5":8,"6":8,"7":12,"8":12,"9":4,"10":1,"11":4,"12":4,"13":4,"14":32,"15":32,"16":256,"17":24,"18":8,"19":4},"f":{"0":4,"1":4},"b":{"0":[24,232],"1":[8,16]},"_coverageSchema":"43e27e138ebf9cfc5966b082cf9a028302ed4184","hash":"a15e36133f1b060ac9f991c7a5af51b8a507b103"}
,"C:\\Users\\Kaur Taal\\Documents\\Isiklik\\Kabe-veebirakendus\\src\\scripts\\annaRuuduKäigud.js": {"path":"C:\\Users\\Kaur Taal\\Documents\\Isiklik\\Kabe-veebirakendus\\src\\scripts\\annaRuuduKäigud.js","statementMap":{"0":{"start":{"line":4,"column":24},"end":{"line":13,"column":1}},"1":{"start":{"line":5,"column":20},"end":{"line":5,"column":58}},"2":{"start":{"line":6,"column":19},"end":{"line":6,"column":50}},"3":{"start":{"line":8,"column":2},"end":{"line":9,"column":20}},"4":{"start":{"line":9,"column":4},"end":{"line":9,"column":20}},"5":{"start":{"line":11,"column":2},"end":{"line":11,"column":92}},"6":{"start":{"line":16,"column":21},"end":{"line":49,"column":1}},"7":{"start":{"line":17,"column":20},"end":{"line":17,"column":58}},"8":{"start":{"line":18,"column":17},"end":{"line":18,"column":19}},"9":{"start":{"line":19,"column":16},"end":{"line":19,"column":18}},"10":{"start":{"line":21,"column":19},"end":{"line":21,"column":101}},"11":{"start":{"line":22,"column":2},"end":{"line":23,"column":14}},"12":{"start":{"line":23,"column":4},"end":{"line":23,"column":14}},"13":{"start":{"line":25,"column":2},"end":{"line":30,"column":3}},"14":{"start":{"line":25,"column":15},"end":{"line":25,"column":16}},"15":{"start":{"line":26,"column":4},"end":{"line":29,"column":7}},"16":{"start":{"line":32,"column":2},"end":{"line":47,"column":3}},"17":{"start":{"line":33,"column":17},"end":{"line":33,"column":28}},"18":{"start":{"line":34,"column":22},"end":{"line":34,"column":109}},"19":{"start":{"line":35,"column":21},"end":{"line":35,"column":155}},"20":{"start":{"line":36,"column":4},"end":{"line":46,"column":5}},"21":{"start":{"line":37,"column":6},"end":{"line":37,"column":27}},"22":{"start":{"line":39,"column":6},"end":{"line":45,"column":7}},"23":{"start":{"line":39,"column":19},"end":{"line":39,"column":20}},"24":{"start":{"line":40,"column":24},"end":{"line":40,"column":96}},"25":{"start":{"line":41,"column":8},"end":{"line":44,"column":11}},"26":{"start":{"line":48,"column":2},"end":{"line":48,"column":16}},"27":{"start":{"line":52,"column":25},"end":{"line":62,"column":1}},"28":{"start":{"line":53,"column":19},"end":{"line":53,"column":21}},"29":{"start":{"line":54,"column":2},"end":{"line":60,"column":3}},"30":{"start":{"line":55,"column":4},"end":{"line":56,"column":61}},"31":{"start":{"line":56,"column":6},"end":{"line":56,"column":61}},"32":{"start":{"line":58,"column":4},"end":{"line":59,"column":61}},"33":{"start":{"line":59,"column":6},"end":{"line":59,"column":61}},"34":{"start":{"line":61,"column":2},"end":{"line":61,"column":18}},"35":{"start":{"line":65,"column":22},"end":{"line":95,"column":1}},"36":{"start":{"line":66,"column":29},"end":{"line":66,"column":31}},"37":{"start":{"line":67,"column":29},"end":{"line":67,"column":31}},"38":{"start":{"line":68,"column":26},"end":{"line":68,"column":28}},"39":{"start":{"line":71,"column":2},"end":{"line":73,"column":3}},"40":{"start":{"line":72,"column":4},"end":{"line":72,"column":71}},"41":{"start":{"line":74,"column":2},"end":{"line":76,"column":3}},"42":{"start":{"line":75,"column":4},"end":{"line":75,"column":71}},"43":{"start":{"line":80,"column":2},"end":{"line":84,"column":3}},"44":{"start":{"line":81,"column":4},"end":{"line":83,"column":5}},"45":{"start":{"line":82,"column":6},"end":{"line":82,"column":73}},"46":{"start":{"line":86,"column":2},"end":{"line":90,"column":3}},"47":{"start":{"line":87,"column":4},"end":{"line":89,"column":5}},"48":{"start":{"line":88,"column":6},"end":{"line":88,"column":73}},"49":{"start":{"line":92,"column":2},"end":{"line":92,"column":73}},"50":{"start":{"line":93,"column":2},"end":{"line":93,"column":27}},"51":{"start":{"line":98,"column":24},"end":{"line":131,"column":1}},"52":{"start":{"line":99,"column":15},"end":{"line":99,"column":51}},"53":{"start":{"line":100,"column":27},"end":{"line":100,"column":29}},"54":{"start":{"line":101,"column":2},"end":{"line":101,"column":62}},"55":{"start":{"line":103,"column":2},"end":{"line":115,"column":3}},"56":{"start":{"line":104,"column":25},"end":{"line":104,"column":36}},"57":{"start":{"line":105,"column":25},"end":{"line":105,"column":36}},"58":{"start":{"line":106,"column":23},"end":{"line":106,"column":34}},"59":{"start":{"line":108,"column":4},"end":{"line":114,"column":5}},"60":{"start":{"line":109,"column":6},"end":{"line":110,"column":59}},"61":{"start":{"line":110,"column":8},"end":{"line":110,"column":59}},"62":{"start":{"line":112,"column":6},"end":{"line":113,"column":59}},"63":{"start":{"line":113,"column":8},"end":{"line":113,"column":59}},"64":{"start":{"line":117,"column":2},"end":{"line":129,"column":3}},"65":{"start":{"line":118,"column":25},"end":{"line":118,"column":36}},"66":{"start":{"line":119,"column":25},"end":{"line":119,"column":36}},"67":{"start":{"line":120,"column":23},"end":{"line":120,"column":34}},"68":{"start":{"line":122,"column":4},"end":{"line":128,"column":5}},"69":{"start":{"line":123,"column":6},"end":{"line":124,"column":59}},"70":{"start":{"line":124,"column":8},"end":{"line":124,"column":59}},"71":{"start":{"line":126,"column":6},"end":{"line":127,"column":59}},"72":{"start":{"line":127,"column":8},"end":{"line":127,"column":59}},"73":{"start":{"line":130,"column":2},"end":{"line":130,"column":26}},"74":{"start":{"line":133,"column":24},"end":{"line":171,"column":1}},"75":{"start":{"line":134,"column":15},"end":{"line":134,"column":51}},"76":{"start":{"line":136,"column":2},"end":{"line":151,"column":3}},"77":{"start":{"line":137,"column":22},"end":{"line":137,"column":33}},"78":{"start":{"line":138,"column":24},"end":{"line":138,"column":35}},"79":{"start":{"line":139,"column":25},"end":{"line":139,"column":36}},"80":{"start":{"line":140,"column":25},"end":{"line":140,"column":36}},"81":{"start":{"line":142,"column":4},"end":{"line":143,"column":18}},"82":{"start":{"line":143,"column":6},"end":{"line":143,"column":18}},"83":{"start":{"line":145,"column":4},"end":{"line":150,"column":19}},"84":{"start":{"line":146,"column":6},"end":{"line":148,"column":26}},"85":{"start":{"line":147,"column":8},"end":{"line":147,"column":20}},"86":{"start":{"line":148,"column":13},"end":{"line":148,"column":26}},"87":{"start":{"line":150,"column":6},"end":{"line":150,"column":19}},"88":{"start":{"line":153,"column":2},"end":{"line":170,"column":3}},"89":{"start":{"line":155,"column":22},"end":{"line":155,"column":33}},"90":{"start":{"line":156,"column":24},"end":{"line":156,"column":35}},"91":{"start":{"line":157,"column":25},"end":{"line":157,"column":36}},"92":{"start":{"line":158,"column":25},"end":{"line":158,"column":36}},"93":{"start":{"line":160,"column":4},"end":{"line":161,"column":18}},"94":{"start":{"line":161,"column":6},"end":{"line":161,"column":18}},"95":{"start":{"line":163,"column":4},"end":{"line":169,"column":19}},"96":{"start":{"line":164,"column":6},"end":{"line":167,"column":21}},"97":{"start":{"line":165,"column":8},"end":{"line":165,"column":20}},"98":{"start":{"line":167,"column":8},"end":{"line":167,"column":21}},"99":{"start":{"line":169,"column":6},"end":{"line":169,"column":19}},"100":{"start":{"line":173,"column":24},"end":{"line":213,"column":1}},"101":{"start":{"line":174,"column":15},"end":{"line":174,"column":51}},"102":{"start":{"line":176,"column":2},"end":{"line":192,"column":3}},"103":{"start":{"line":177,"column":22},"end":{"line":177,"column":33}},"104":{"start":{"line":178,"column":24},"end":{"line":178,"column":35}},"105":{"start":{"line":179,"column":25},"end":{"line":179,"column":36}},"106":{"start":{"line":180,"column":25},"end":{"line":180,"column":36}},"107":{"start":{"line":182,"column":4},"end":{"line":183,"column":18}},"108":{"start":{"line":183,"column":6},"end":{"line":183,"column":18}},"109":{"start":{"line":185,"column":4},"end":{"line":191,"column":19}},"110":{"start":{"line":186,"column":6},"end":{"line":189,"column":21}},"111":{"start":{"line":187,"column":8},"end":{"line":187,"column":20}},"112":{"start":{"line":189,"column":8},"end":{"line":189,"column":21}},"113":{"start":{"line":191,"column":6},"end":{"line":191,"column":19}},"114":{"start":{"line":195,"column":2},"end":{"line":212,"column":3}},"115":{"start":{"line":196,"column":22},"end":{"line":196,"column":33}},"116":{"start":{"line":197,"column":24},"end":{"line":197,"column":35}},"117":{"start":{"line":198,"column":25},"end":{"line":198,"column":36}},"118":{"start":{"line":199,"column":25},"end":{"line":199,"column":36}},"119":{"start":{"line":201,"column":4},"end":{"line":202,"column":19}},"120":{"start":{"line":202,"column":6},"end":{"line":202,"column":19}},"121":{"start":{"line":205,"column":4},"end":{"line":211,"column":19}},"122":{"start":{"line":206,"column":6},"end":{"line":209,"column":21}},"123":{"start":{"line":207,"column":8},"end":{"line":207,"column":20}},"124":{"start":{"line":209,"column":8},"end":{"line":209,"column":21}},"125":{"start":{"line":211,"column":6},"end":{"line":211,"column":19}},"126":{"start":{"line":216,"column":28},"end":{"line":256,"column":1}},"127":{"start":{"line":217,"column":15},"end":{"line":217,"column":51}},"128":{"start":{"line":219,"column":2},"end":{"line":235,"column":3}},"129":{"start":{"line":220,"column":22},"end":{"line":220,"column":33}},"130":{"start":{"line":221,"column":24},"end":{"line":221,"column":35}},"131":{"start":{"line":222,"column":25},"end":{"line":222,"column":36}},"132":{"start":{"line":223,"column":25},"end":{"line":223,"column":36}},"133":{"start":{"line":225,"column":4},"end":{"line":226,"column":19}},"134":{"start":{"line":226,"column":6},"end":{"line":226,"column":19}},"135":{"start":{"line":228,"column":4},"end":{"line":234,"column":19}},"136":{"start":{"line":229,"column":6},"end":{"line":232,"column":21}},"137":{"start":{"line":230,"column":8},"end":{"line":230,"column":20}},"138":{"start":{"line":232,"column":8},"end":{"line":232,"column":21}},"139":{"start":{"line":234,"column":6},"end":{"line":234,"column":19}},"140":{"start":{"line":238,"column":2},"end":{"line":254,"column":3}},"141":{"start":{"line":239,"column":22},"end":{"line":239,"column":33}},"142":{"start":{"line":240,"column":24},"end":{"line":240,"column":35}},"143":{"start":{"line":241,"column":25},"end":{"line":241,"column":36}},"144":{"start":{"line":242,"column":25},"end":{"line":242,"column":36}},"145":{"start":{"line":244,"column":4},"end":{"line":245,"column":19}},"146":{"start":{"line":245,"column":6},"end":{"line":245,"column":19}},"147":{"start":{"line":247,"column":4},"end":{"line":253,"column":19}},"148":{"start":{"line":248,"column":6},"end":{"line":251,"column":21}},"149":{"start":{"line":249,"column":8},"end":{"line":249,"column":20}},"150":{"start":{"line":251,"column":8},"end":{"line":251,"column":21}},"151":{"start":{"line":253,"column":6},"end":{"line":253,"column":19}},"152":{"start":{"line":258,"column":28},"end":{"line":297,"column":1}},"153":{"start":{"line":259,"column":15},"end":{"line":259,"column":51}},"154":{"start":{"line":261,"column":2},"end":{"line":277,"column":3}},"155":{"start":{"line":262,"column":22},"end":{"line":262,"column":33}},"156":{"start":{"line":263,"column":24},"end":{"line":263,"column":35}},"157":{"start":{"line":264,"column":25},"end":{"line":264,"column":36}},"158":{"start":{"line":265,"column":25},"end":{"line":265,"column":36}},"159":{"start":{"line":267,"column":4},"end":{"line":268,"column":19}},"160":{"start":{"line":268,"column":6},"end":{"line":268,"column":19}},"161":{"start":{"line":270,"column":4},"end":{"line":276,"column":19}},"162":{"start":{"line":271,"column":6},"end":{"line":274,"column":21}},"163":{"start":{"line":272,"column":8},"end":{"line":272,"column":20}},"164":{"start":{"line":274,"column":8},"end":{"line":274,"column":21}},"165":{"start":{"line":276,"column":6},"end":{"line":276,"column":19}},"166":{"start":{"line":280,"column":2},"end":{"line":296,"column":3}},"167":{"start":{"line":281,"column":22},"end":{"line":281,"column":33}},"168":{"start":{"line":282,"column":24},"end":{"line":282,"column":35}},"169":{"start":{"line":283,"column":25},"end":{"line":283,"column":36}},"170":{"start":{"line":284,"column":25},"end":{"line":284,"column":36}},"171":{"start":{"line":286,"column":4},"end":{"line":287,"column":19}},"172":{"start":{"line":287,"column":6},"end":{"line":287,"column":19}},"173":{"start":{"line":289,"column":4},"end":{"line":295,"column":19}},"174":{"start":{"line":290,"column":6},"end":{"line":293,"column":21}},"175":{"start":{"line":291,"column":8},"end":{"line":291,"column":20}},"176":{"start":{"line":293,"column":8},"end":{"line":293,"column":21}},"177":{"start":{"line":295,"column":6},"end":{"line":295,"column":19}},"178":{"start":{"line":299,"column":24},"end":{"line":334,"column":1}},"179":{"start":{"line":300,"column":15},"end":{"line":300,"column":51}},"180":{"start":{"line":302,"column":2},"end":{"line":316,"column":3}},"181":{"start":{"line":303,"column":17},"end":{"line":303,"column":28}},"182":{"start":{"line":304,"column":18},"end":{"line":304,"column":29}},"183":{"start":{"line":305,"column":18},"end":{"line":305,"column":29}},"184":{"start":{"line":307,"column":4},"end":{"line":308,"column":18}},"185":{"start":{"line":308,"column":6},"end":{"line":308,"column":18}},"186":{"start":{"line":310,"column":4},"end":{"line":315,"column":19}},"187":{"start":{"line":311,"column":6},"end":{"line":311,"column":18}},"188":{"start":{"line":312,"column":11},"end":{"line":315,"column":19}},"189":{"start":{"line":313,"column":6},"end":{"line":313,"column":18}},"190":{"start":{"line":315,"column":6},"end":{"line":315,"column":19}},"191":{"start":{"line":318,"column":2},"end":{"line":332,"column":3}},"192":{"start":{"line":319,"column":17},"end":{"line":319,"column":28}},"193":{"start":{"line":320,"column":18},"end":{"line":320,"column":29}},"194":{"start":{"line":321,"column":18},"end":{"line":321,"column":29}},"195":{"start":{"line":323,"column":4},"end":{"line":324,"column":18}},"196":{"start":{"line":324,"column":6},"end":{"line":324,"column":18}},"197":{"start":{"line":326,"column":4},"end":{"line":331,"column":19}},"198":{"start":{"line":327,"column":6},"end":{"line":327,"column":18}},"199":{"start":{"line":328,"column":11},"end":{"line":331,"column":19}},"200":{"start":{"line":329,"column":6},"end":{"line":329,"column":18}},"201":{"start":{"line":331,"column":6},"end":{"line":331,"column":19}},"202":{"start":{"line":337,"column":29},"end":{"line":379,"column":1}},"203":{"start":{"line":338,"column":15},"end":{"line":338,"column":51}},"204":{"start":{"line":339,"column":29},"end":{"line":339,"column":31}},"205":{"start":{"line":341,"column":2},"end":{"line":358,"column":3}},"206":{"start":{"line":342,"column":17},"end":{"line":342,"column":28}},"207":{"start":{"line":343,"column":17},"end":{"line":343,"column":28}},"208":{"start":{"line":344,"column":25},"end":{"line":344,"column":36}},"209":{"start":{"line":345,"column":25},"end":{"line":345,"column":36}},"210":{"start":{"line":348,"column":4},"end":{"line":355,"column":16}},"211":{"start":{"line":349,"column":6},"end":{"line":353,"column":7}},"212":{"start":{"line":350,"column":8},"end":{"line":350,"column":62}},"213":{"start":{"line":352,"column":8},"end":{"line":352,"column":18}},"214":{"start":{"line":355,"column":6},"end":{"line":355,"column":16}},"215":{"start":{"line":357,"column":4},"end":{"line":357,"column":30}},"216":{"start":{"line":360,"column":2},"end":{"line":376,"column":3}},"217":{"start":{"line":361,"column":17},"end":{"line":361,"column":28}},"218":{"start":{"line":362,"column":17},"end":{"line":362,"column":28}},"219":{"start":{"line":363,"column":25},"end":{"line":363,"column":36}},"220":{"start":{"line":364,"column":25},"end":{"line":364,"column":36}},"221":{"start":{"line":366,"column":4},"end":{"line":373,"column":16}},"222":{"start":{"line":367,"column":6},"end":{"line":371,"column":7}},"223":{"start":{"line":368,"column":8},"end":{"line":368,"column":62}},"224":{"start":{"line":370,"column":8},"end":{"line":370,"column":18}},"225":{"start":{"line":373,"column":6},"end":{"line":373,"column":16}},"226":{"start":{"line":375,"column":4},"end":{"line":375,"column":30}},"227":{"start":{"line":381,"column":29},"end":{"line":421,"column":1}},"228":{"start":{"line":382,"column":15},"end":{"line":382,"column":51}},"229":{"start":{"line":383,"column":29},"end":{"line":383,"column":31}},"230":{"start":{"line":385,"column":2},"end":{"line":401,"column":3}},"231":{"start":{"line":386,"column":17},"end":{"line":386,"column":28}},"232":{"start":{"line":387,"column":17},"end":{"line":387,"column":28}},"233":{"start":{"line":388,"column":25},"end":{"line":388,"column":36}},"234":{"start":{"line":389,"column":25},"end":{"line":389,"column":36}},"235":{"start":{"line":391,"column":4},"end":{"line":398,"column":16}},"236":{"start":{"line":392,"column":6},"end":{"line":396,"column":7}},"237":{"start":{"line":393,"column":8},"end":{"line":393,"column":62}},"238":{"start":{"line":395,"column":8},"end":{"line":395,"column":18}},"239":{"start":{"line":398,"column":6},"end":{"line":398,"column":16}},"240":{"start":{"line":400,"column":4},"end":{"line":400,"column":30}},"241":{"start":{"line":403,"column":2},"end":{"line":419,"column":3}},"242":{"start":{"line":404,"column":17},"end":{"line":404,"column":28}},"243":{"start":{"line":405,"column":17},"end":{"line":405,"column":28}},"244":{"start":{"line":406,"column":25},"end":{"line":406,"column":36}},"245":{"start":{"line":407,"column":25},"end":{"line":407,"column":36}},"246":{"start":{"line":409,"column":4},"end":{"line":416,"column":16}},"247":{"start":{"line":410,"column":6},"end":{"line":414,"column":7}},"248":{"start":{"line":411,"column":8},"end":{"line":411,"column":62}},"249":{"start":{"line":413,"column":8},"end":{"line":413,"column":18}},"250":{"start":{"line":416,"column":6},"end":{"line":416,"column":16}},"251":{"start":{"line":418,"column":4},"end":{"line":418,"column":30}},"252":{"start":{"line":424,"column":23},"end":{"line":458,"column":1}},"253":{"start":{"line":425,"column":15},"end":{"line":425,"column":51}},"254":{"start":{"line":426,"column":27},"end":{"line":426,"column":29}},"255":{"start":{"line":428,"column":2},"end":{"line":441,"column":3}},"256":{"start":{"line":429,"column":22},"end":{"line":429,"column":33}},"257":{"start":{"line":430,"column":25},"end":{"line":430,"column":36}},"258":{"start":{"line":431,"column":25},"end":{"line":431,"column":36}},"259":{"start":{"line":433,"column":4},"end":{"line":440,"column":5}},"260":{"start":{"line":434,"column":6},"end":{"line":435,"column":58}},"261":{"start":{"line":435,"column":8},"end":{"line":435,"column":58}},"262":{"start":{"line":438,"column":6},"end":{"line":439,"column":59}},"263":{"start":{"line":439,"column":8},"end":{"line":439,"column":59}},"264":{"start":{"line":443,"column":2},"end":{"line":455,"column":3}},"265":{"start":{"line":444,"column":22},"end":{"line":444,"column":33}},"266":{"start":{"line":445,"column":25},"end":{"line":445,"column":36}},"267":{"start":{"line":446,"column":25},"end":{"line":446,"column":36}},"268":{"start":{"line":448,"column":4},"end":{"line":454,"column":5}},"269":{"start":{"line":449,"column":6},"end":{"line":450,"column":59}},"270":{"start":{"line":450,"column":8},"end":{"line":450,"column":59}},"271":{"start":{"line":452,"column":6},"end":{"line":453,"column":59}},"272":{"start":{"line":453,"column":8},"end":{"line":453,"column":59}},"273":{"start":{"line":457,"column":2},"end":{"line":457,"column":26}},"274":{"start":{"line":460,"column":29},"end":{"line":505,"column":1}},"275":{"start":{"line":461,"column":15},"end":{"line":461,"column":51}},"276":{"start":{"line":463,"column":2},"end":{"line":484,"column":3}},"277":{"start":{"line":464,"column":31},"end":{"line":464,"column":33}},"278":{"start":{"line":466,"column":22},"end":{"line":466,"column":33}},"279":{"start":{"line":467,"column":24},"end":{"line":467,"column":35}},"280":{"start":{"line":468,"column":25},"end":{"line":468,"column":36}},"281":{"start":{"line":469,"column":25},"end":{"line":469,"column":36}},"282":{"start":{"line":472,"column":4},"end":{"line":479,"column":16}},"283":{"start":{"line":473,"column":6},"end":{"line":477,"column":7}},"284":{"start":{"line":474,"column":8},"end":{"line":474,"column":62}},"285":{"start":{"line":476,"column":8},"end":{"line":476,"column":18}},"286":{"start":{"line":479,"column":6},"end":{"line":479,"column":16}},"287":{"start":{"line":481,"column":4},"end":{"line":481,"column":30}},"288":{"start":{"line":486,"column":2},"end":{"line":503,"column":3}},"289":{"start":{"line":487,"column":31},"end":{"line":487,"column":33}},"290":{"start":{"line":489,"column":22},"end":{"line":489,"column":33}},"291":{"start":{"line":490,"column":24},"end":{"line":490,"column":35}},"292":{"start":{"line":491,"column":25},"end":{"line":491,"column":36}},"293":{"start":{"line":492,"column":25},"end":{"line":492,"column":36}},"294":{"start":{"line":494,"column":4},"end":{"line":500,"column":16}},"295":{"start":{"line":495,"column":6},"end":{"line":498,"column":18}},"296":{"start":{"line":496,"column":8},"end":{"line":496,"column":62}},"297":{"start":{"line":498,"column":8},"end":{"line":498,"column":18}},"298":{"start":{"line":500,"column":6},"end":{"line":500,"column":16}},"299":{"start":{"line":502,"column":4},"end":{"line":502,"column":30}},"300":{"start":{"line":507,"column":29},"end":{"line":546,"column":1}},"301":{"start":{"line":508,"column":15},"end":{"line":508,"column":51}},"302":{"start":{"line":510,"column":2},"end":{"line":527,"column":3}},"303":{"start":{"line":511,"column":31},"end":{"line":511,"column":33}},"304":{"start":{"line":513,"column":22},"end":{"line":513,"column":33}},"305":{"start":{"line":514,"column":24},"end":{"line":514,"column":35}},"306":{"start":{"line":515,"column":25},"end":{"line":515,"column":36}},"307":{"start":{"line":516,"column":25},"end":{"line":516,"column":36}},"308":{"start":{"line":518,"column":4},"end":{"line":524,"column":16}},"309":{"start":{"line":519,"column":6},"end":{"line":522,"column":18}},"310":{"start":{"line":520,"column":8},"end":{"line":520,"column":62}},"311":{"start":{"line":522,"column":8},"end":{"line":522,"column":18}},"312":{"start":{"line":524,"column":6},"end":{"line":524,"column":16}},"313":{"start":{"line":526,"column":4},"end":{"line":526,"column":30}},"314":{"start":{"line":529,"column":2},"end":{"line":545,"column":3}},"315":{"start":{"line":530,"column":31},"end":{"line":530,"column":33}},"316":{"start":{"line":531,"column":22},"end":{"line":531,"column":33}},"317":{"start":{"line":532,"column":24},"end":{"line":532,"column":35}},"318":{"start":{"line":533,"column":25},"end":{"line":533,"column":36}},"319":{"start":{"line":534,"column":25},"end":{"line":534,"column":36}},"320":{"start":{"line":536,"column":4},"end":{"line":542,"column":16}},"321":{"start":{"line":537,"column":6},"end":{"line":540,"column":18}},"322":{"start":{"line":538,"column":8},"end":{"line":538,"column":62}},"323":{"start":{"line":540,"column":8},"end":{"line":540,"column":18}},"324":{"start":{"line":542,"column":6},"end":{"line":542,"column":16}},"325":{"start":{"line":544,"column":4},"end":{"line":544,"column":30}},"326":{"start":{"line":548,"column":20},"end":{"line":584,"column":1}},"327":{"start":{"line":549,"column":15},"end":{"line":549,"column":51}},"328":{"start":{"line":551,"column":2},"end":{"line":566,"column":3}},"329":{"start":{"line":552,"column":22},"end":{"line":552,"column":33}},"330":{"start":{"line":553,"column":25},"end":{"line":553,"column":36}},"331":{"start":{"line":554,"column":25},"end":{"line":554,"column":36}},"332":{"start":{"line":556,"column":4},"end":{"line":557,"column":18}},"333":{"start":{"line":557,"column":6},"end":{"line":557,"column":18}},"334":{"start":{"line":559,"column":4},"end":{"line":564,"column":19}},"335":{"start":{"line":560,"column":6},"end":{"line":560,"column":18}},"336":{"start":{"line":561,"column":11},"end":{"line":564,"column":19}},"337":{"start":{"line":562,"column":6},"end":{"line":562,"column":18}},"338":{"start":{"line":564,"column":6},"end":{"line":564,"column":19}},"339":{"start":{"line":569,"column":2},"end":{"line":583,"column":3}},"340":{"start":{"line":570,"column":22},"end":{"line":570,"column":33}},"341":{"start":{"line":571,"column":25},"end":{"line":571,"column":36}},"342":{"start":{"line":572,"column":25},"end":{"line":572,"column":36}},"343":{"start":{"line":574,"column":4},"end":{"line":575,"column":18}},"344":{"start":{"line":575,"column":6},"end":{"line":575,"column":18}},"345":{"start":{"line":577,"column":4},"end":{"line":582,"column":19}},"346":{"start":{"line":578,"column":6},"end":{"line":578,"column":18}},"347":{"start":{"line":579,"column":9},"end":{"line":582,"column":19}},"348":{"start":{"line":580,"column":6},"end":{"line":580,"column":18}},"349":{"start":{"line":582,"column":6},"end":{"line":582,"column":19}}},"fnMap":{"0":{"name":"(anonymous_0)","decl":{"start":{"line":4,"column":24},"end":{"line":4,"column":25}},"loc":{"start":{"line":4,"column":47},"end":{"line":13,"column":1}},"line":4},"1":{"name":"(anonymous_1)","decl":{"start":{"line":16,"column":21},"end":{"line":16,"column":22}},"loc":{"start":{"line":16,"column":44},"end":{"line":49,"column":1}},"line":16},"2":{"name":"(anonymous_2)","decl":{"start":{"line":52,"column":25},"end":{"line":52,"column":26}},"loc":{"start":{"line":52,"column":48},"end":{"line":62,"column":1}},"line":52},"3":{"name":"(anonymous_3)","decl":{"start":{"line":65,"column":22},"end":{"line":65,"column":23}},"loc":{"start":{"line":65,"column":45},"end":{"line":95,"column":1}},"line":65},"4":{"name":"(anonymous_4)","decl":{"start":{"line":98,"column":24},"end":{"line":98,"column":25}},"loc":{"start":{"line":98,"column":47},"end":{"line":131,"column":1}},"line":98},"5":{"name":"(anonymous_5)","decl":{"start":{"line":133,"column":24},"end":{"line":133,"column":25}},"loc":{"start":{"line":133,"column":47},"end":{"line":171,"column":1}},"line":133},"6":{"name":"(anonymous_6)","decl":{"start":{"line":173,"column":24},"end":{"line":173,"column":25}},"loc":{"start":{"line":173,"column":47},"end":{"line":213,"column":1}},"line":173},"7":{"name":"(anonymous_7)","decl":{"start":{"line":216,"column":28},"end":{"line":216,"column":29}},"loc":{"start":{"line":216,"column":51},"end":{"line":256,"column":1}},"line":216},"8":{"name":"(anonymous_8)","decl":{"start":{"line":258,"column":28},"end":{"line":258,"column":29}},"loc":{"start":{"line":258,"column":51},"end":{"line":297,"column":1}},"line":258},"9":{"name":"(anonymous_9)","decl":{"start":{"line":299,"column":24},"end":{"line":299,"column":25}},"loc":{"start":{"line":299,"column":47},"end":{"line":334,"column":1}},"line":299},"10":{"name":"(anonymous_10)","decl":{"start":{"line":337,"column":29},"end":{"line":337,"column":30}},"loc":{"start":{"line":337,"column":52},"end":{"line":379,"column":1}},"line":337},"11":{"name":"(anonymous_11)","decl":{"start":{"line":381,"column":29},"end":{"line":381,"column":30}},"loc":{"start":{"line":381,"column":52},"end":{"line":421,"column":1}},"line":381},"12":{"name":"(anonymous_12)","decl":{"start":{"line":424,"column":23},"end":{"line":424,"column":24}},"loc":{"start":{"line":424,"column":46},"end":{"line":458,"column":1}},"line":424},"13":{"name":"(anonymous_13)","decl":{"start":{"line":460,"column":29},"end":{"line":460,"column":30}},"loc":{"start":{"line":460,"column":52},"end":{"line":505,"column":1}},"line":460},"14":{"name":"(anonymous_14)","decl":{"start":{"line":507,"column":29},"end":{"line":507,"column":30}},"loc":{"start":{"line":507,"column":52},"end":{"line":546,"column":1}},"line":507},"15":{"name":"(anonymous_15)","decl":{"start":{"line":548,"column":20},"end":{"line":548,"column":21}},"loc":{"start":{"line":548,"column":43},"end":{"line":584,"column":1}},"line":548}},"branchMap":{"0":{"loc":{"start":{"line":8,"column":2},"end":{"line":9,"column":20}},"type":"if","locations":[{"start":{"line":8,"column":2},"end":{"line":9,"column":20}},{"start":{"line":8,"column":2},"end":{"line":9,"column":20}}],"line":8},"1":{"loc":{"start":{"line":11,"column":9},"end":{"line":11,"column":91}},"type":"cond-expr","locations":[{"start":{"line":11,"column":21},"end":{"line":11,"column":55}},{"start":{"line":11,"column":58},"end":{"line":11,"column":91}}],"line":11},"2":{"loc":{"start":{"line":21,"column":19},"end":{"line":21,"column":101}},"type":"cond-expr","locations":[{"start":{"line":21,"column":31},"end":{"line":21,"column":63}},{"start":{"line":21,"column":66},"end":{"line":21,"column":101}}],"line":21},"3":{"loc":{"start":{"line":22,"column":2},"end":{"line":23,"column":14}},"type":"if","locations":[{"start":{"line":22,"column":2},"end":{"line":23,"column":14}},{"start":{"line":22,"column":2},"end":{"line":23,"column":14}}],"line":22},"4":{"loc":{"start":{"line":35,"column":21},"end":{"line":35,"column":155}},"type":"cond-expr","locations":[{"start":{"line":35,"column":33},"end":{"line":35,"column":91}},{"start":{"line":35,"column":94},"end":{"line":35,"column":155}}],"line":35},"5":{"loc":{"start":{"line":36,"column":4},"end":{"line":46,"column":5}},"type":"if","locations":[{"start":{"line":36,"column":4},"end":{"line":46,"column":5}},{"start":{"line":36,"column":4},"end":{"line":46,"column":5}}],"line":36},"6":{"loc":{"start":{"line":54,"column":2},"end":{"line":60,"column":3}},"type":"if","locations":[{"start":{"line":54,"column":2},"end":{"line":60,"column":3}},{"start":{"line":54,"column":2},"end":{"line":60,"column":3}}],"line":54},"7":{"loc":{"start":{"line":55,"column":4},"end":{"line":56,"column":61}},"type":"if","locations":[{"start":{"line":55,"column":4},"end":{"line":56,"column":61}},{"start":{"line":55,"column":4},"end":{"line":56,"column":61}}],"line":55},"8":{"loc":{"start":{"line":58,"column":4},"end":{"line":59,"column":61}},"type":"if","locations":[{"start":{"line":58,"column":4},"end":{"line":59,"column":61}},{"start":{"line":58,"column":4},"end":{"line":59,"column":61}}],"line":58},"9":{"loc":{"start":{"line":71,"column":2},"end":{"line":73,"column":3}},"type":"if","locations":[{"start":{"line":71,"column":2},"end":{"line":73,"column":3}},{"start":{"line":71,"column":2},"end":{"line":73,"column":3}}],"line":71},"10":{"loc":{"start":{"line":74,"column":2},"end":{"line":76,"column":3}},"type":"if","locations":[{"start":{"line":74,"column":2},"end":{"line":76,"column":3}},{"start":{"line":74,"column":2},"end":{"line":76,"column":3}}],"line":74},"11":{"loc":{"start":{"line":80,"column":2},"end":{"line":84,"column":3}},"type":"if","locations":[{"start":{"line":80,"column":2},"end":{"line":84,"column":3}},{"start":{"line":80,"column":2},"end":{"line":84,"column":3}}],"line":80},"12":{"loc":{"start":{"line":81,"column":4},"end":{"line":83,"column":5}},"type":"if","locations":[{"start":{"line":81,"column":4},"end":{"line":83,"column":5}},{"start":{"line":81,"column":4},"end":{"line":83,"column":5}}],"line":81},"13":{"loc":{"start":{"line":86,"column":2},"end":{"line":90,"column":3}},"type":"if","locations":[{"start":{"line":86,"column":2},"end":{"line":90,"column":3}},{"start":{"line":86,"column":2},"end":{"line":90,"column":3}}],"line":86},"14":{"loc":{"start":{"line":87,"column":4},"end":{"line":89,"column":5}},"type":"if","locations":[{"start":{"line":87,"column":4},"end":{"line":89,"column":5}},{"start":{"line":87,"column":4},"end":{"line":89,"column":5}}],"line":87},"15":{"loc":{"start":{"line":103,"column":2},"end":{"line":115,"column":3}},"type":"if","locations":[{"start":{"line":103,"column":2},"end":{"line":115,"column":3}},{"start":{"line":103,"column":2},"end":{"line":115,"column":3}}],"line":103},"16":{"loc":{"start":{"line":108,"column":4},"end":{"line":114,"column":5}},"type":"if","locations":[{"start":{"line":108,"column":4},"end":{"line":114,"column":5}},{"start":{"line":108,"column":4},"end":{"line":114,"column":5}}],"line":108},"17":{"loc":{"start":{"line":109,"column":6},"end":{"line":110,"column":59}},"type":"if","locations":[{"start":{"line":109,"column":6},"end":{"line":110,"column":59}},{"start":{"line":109,"column":6},"end":{"line":110,"column":59}}],"line":109},"18":{"loc":{"start":{"line":112,"column":6},"end":{"line":113,"column":59}},"type":"if","locations":[{"start":{"line":112,"column":6},"end":{"line":113,"column":59}},{"start":{"line":112,"column":6},"end":{"line":113,"column":59}}],"line":112},"19":{"loc":{"start":{"line":117,"column":2},"end":{"line":129,"column":3}},"type":"if","locations":[{"start":{"line":117,"column":2},"end":{"line":129,"column":3}},{"start":{"line":117,"column":2},"end":{"line":129,"column":3}}],"line":117},"20":{"loc":{"start":{"line":122,"column":4},"end":{"line":128,"column":5}},"type":"if","locations":[{"start":{"line":122,"column":4},"end":{"line":128,"column":5}},{"start":{"line":122,"column":4},"end":{"line":128,"column":5}}],"line":122},"21":{"loc":{"start":{"line":123,"column":6},"end":{"line":124,"column":59}},"type":"if","locations":[{"start":{"line":123,"column":6},"end":{"line":124,"column":59}},{"start":{"line":123,"column":6},"end":{"line":124,"column":59}}],"line":123},"22":{"loc":{"start":{"line":126,"column":6},"end":{"line":127,"column":59}},"type":"if","locations":[{"start":{"line":126,"column":6},"end":{"line":127,"column":59}},{"start":{"line":126,"column":6},"end":{"line":127,"column":59}}],"line":126},"23":{"loc":{"start":{"line":136,"column":2},"end":{"line":151,"column":3}},"type":"if","locations":[{"start":{"line":136,"column":2},"end":{"line":151,"column":3}},{"start":{"line":136,"column":2},"end":{"line":151,"column":3}}],"line":136},"24":{"loc":{"start":{"line":142,"column":4},"end":{"line":143,"column":18}},"type":"if","locations":[{"start":{"line":142,"column":4},"end":{"line":143,"column":18}},{"start":{"line":142,"column":4},"end":{"line":143,"column":18}}],"line":142},"25":{"loc":{"start":{"line":145,"column":4},"end":{"line":150,"column":19}},"type":"if","locations":[{"start":{"line":145,"column":4},"end":{"line":150,"column":19}},{"start":{"line":145,"column":4},"end":{"line":150,"column":19}}],"line":145},"26":{"loc":{"start":{"line":145,"column":8},"end":{"line":145,"column":100}},"type":"binary-expr","locations":[{"start":{"line":145,"column":8},"end":{"line":145,"column":43}},{"start":{"line":145,"column":47},"end":{"line":145,"column":100}}],"line":145},"27":{"loc":{"start":{"line":146,"column":6},"end":{"line":148,"column":26}},"type":"if","locations":[{"start":{"line":146,"column":6},"end":{"line":148,"column":26}},{"start":{"line":146,"column":6},"end":{"line":148,"column":26}}],"line":146},"28":{"loc":{"start":{"line":153,"column":2},"end":{"line":170,"column":3}},"type":"if","locations":[{"start":{"line":153,"column":2},"end":{"line":170,"column":3}},{"start":{"line":153,"column":2},"end":{"line":170,"column":3}}],"line":153},"29":{"loc":{"start":{"line":160,"column":4},"end":{"line":161,"column":18}},"type":"if","locations":[{"start":{"line":160,"column":4},"end":{"line":161,"column":18}},{"start":{"line":160,"column":4},"end":{"line":161,"column":18}}],"line":160},"30":{"loc":{"start":{"line":163,"column":4},"end":{"line":169,"column":19}},"type":"if","locations":[{"start":{"line":163,"column":4},"end":{"line":169,"column":19}},{"start":{"line":163,"column":4},"end":{"line":169,"column":19}}],"line":163},"31":{"loc":{"start":{"line":163,"column":8},"end":{"line":163,"column":101}},"type":"binary-expr","locations":[{"start":{"line":163,"column":8},"end":{"line":163,"column":43}},{"start":{"line":163,"column":47},"end":{"line":163,"column":101}}],"line":163},"32":{"loc":{"start":{"line":164,"column":6},"end":{"line":167,"column":21}},"type":"if","locations":[{"start":{"line":164,"column":6},"end":{"line":167,"column":21}},{"start":{"line":164,"column":6},"end":{"line":167,"column":21}}],"line":164},"33":{"loc":{"start":{"line":176,"column":2},"end":{"line":192,"column":3}},"type":"if","locations":[{"start":{"line":176,"column":2},"end":{"line":192,"column":3}},{"start":{"line":176,"column":2},"end":{"line":192,"column":3}}],"line":176},"34":{"loc":{"start":{"line":182,"column":4},"end":{"line":183,"column":18}},"type":"if","locations":[{"start":{"line":182,"column":4},"end":{"line":183,"column":18}},{"start":{"line":182,"column":4},"end":{"line":183,"column":18}}],"line":182},"35":{"loc":{"start":{"line":185,"column":4},"end":{"line":191,"column":19}},"type":"if","locations":[{"start":{"line":185,"column":4},"end":{"line":191,"column":19}},{"start":{"line":185,"column":4},"end":{"line":191,"column":19}}],"line":185},"36":{"loc":{"start":{"line":185,"column":8},"end":{"line":185,"column":100}},"type":"binary-expr","locations":[{"start":{"line":185,"column":8},"end":{"line":185,"column":43}},{"start":{"line":185,"column":47},"end":{"line":185,"column":100}}],"line":185},"37":{"loc":{"start":{"line":186,"column":6},"end":{"line":189,"column":21}},"type":"if","locations":[{"start":{"line":186,"column":6},"end":{"line":189,"column":21}},{"start":{"line":186,"column":6},"end":{"line":189,"column":21}}],"line":186},"38":{"loc":{"start":{"line":195,"column":2},"end":{"line":212,"column":3}},"type":"if","locations":[{"start":{"line":195,"column":2},"end":{"line":212,"column":3}},{"start":{"line":195,"column":2},"end":{"line":212,"column":3}}],"line":195},"39":{"loc":{"start":{"line":201,"column":4},"end":{"line":202,"column":19}},"type":"if","locations":[{"start":{"line":201,"column":4},"end":{"line":202,"column":19}},{"start":{"line":201,"column":4},"end":{"line":202,"column":19}}],"line":201},"40":{"loc":{"start":{"line":205,"column":4},"end":{"line":211,"column":19}},"type":"if","locations":[{"start":{"line":205,"column":4},"end":{"line":211,"column":19}},{"start":{"line":205,"column":4},"end":{"line":211,"column":19}}],"line":205},"41":{"loc":{"start":{"line":205,"column":8},"end":{"line":205,"column":101}},"type":"binary-expr","locations":[{"start":{"line":205,"column":8},"end":{"line":205,"column":43}},{"start":{"line":205,"column":47},"end":{"line":205,"column":101}}],"line":205},"42":{"loc":{"start":{"line":206,"column":6},"end":{"line":209,"column":21}},"type":"if","locations":[{"start":{"line":206,"column":6},"end":{"line":209,"column":21}},{"start":{"line":206,"column":6},"end":{"line":209,"column":21}}],"line":206},"43":{"loc":{"start":{"line":219,"column":2},"end":{"line":235,"column":3}},"type":"if","locations":[{"start":{"line":219,"column":2},"end":{"line":235,"column":3}},{"start":{"line":219,"column":2},"end":{"line":235,"column":3}}],"line":219},"44":{"loc":{"start":{"line":225,"column":4},"end":{"line":226,"column":19}},"type":"if","locations":[{"start":{"line":225,"column":4},"end":{"line":226,"column":19}},{"start":{"line":225,"column":4},"end":{"line":226,"column":19}}],"line":225},"45":{"loc":{"start":{"line":228,"column":4},"end":{"line":234,"column":19}},"type":"if","locations":[{"start":{"line":228,"column":4},"end":{"line":234,"column":19}},{"start":{"line":228,"column":4},"end":{"line":234,"column":19}}],"line":228},"46":{"loc":{"start":{"line":228,"column":8},"end":{"line":228,"column":101}},"type":"binary-expr","locations":[{"start":{"line":228,"column":8},"end":{"line":228,"column":43}},{"start":{"line":228,"column":47},"end":{"line":228,"column":101}}],"line":228},"47":{"loc":{"start":{"line":229,"column":6},"end":{"line":232,"column":21}},"type":"if","locations":[{"start":{"line":229,"column":6},"end":{"line":232,"column":21}},{"start":{"line":229,"column":6},"end":{"line":232,"column":21}}],"line":229},"48":{"loc":{"start":{"line":238,"column":2},"end":{"line":254,"column":3}},"type":"if","locations":[{"start":{"line":238,"column":2},"end":{"line":254,"column":3}},{"start":{"line":238,"column":2},"end":{"line":254,"column":3}}],"line":238},"49":{"loc":{"start":{"line":244,"column":4},"end":{"line":245,"column":19}},"type":"if","locations":[{"start":{"line":244,"column":4},"end":{"line":245,"column":19}},{"start":{"line":244,"column":4},"end":{"line":245,"column":19}}],"line":244},"50":{"loc":{"start":{"line":247,"column":4},"end":{"line":253,"column":19}},"type":"if","locations":[{"start":{"line":247,"column":4},"end":{"line":253,"column":19}},{"start":{"line":247,"column":4},"end":{"line":253,"column":19}}],"line":247},"51":{"loc":{"start":{"line":247,"column":8},"end":{"line":247,"column":100}},"type":"binary-expr","locations":[{"start":{"line":247,"column":8},"end":{"line":247,"column":43}},{"start":{"line":247,"column":47},"end":{"line":247,"column":100}}],"line":247},"52":{"loc":{"start":{"line":248,"column":6},"end":{"line":251,"column":21}},"type":"if","locations":[{"start":{"line":248,"column":6},"end":{"line":251,"column":21}},{"start":{"line":248,"column":6},"end":{"line":251,"column":21}}],"line":248},"53":{"loc":{"start":{"line":261,"column":2},"end":{"line":277,"column":3}},"type":"if","locations":[{"start":{"line":261,"column":2},"end":{"line":277,"column":3}},{"start":{"line":261,"column":2},"end":{"line":277,"column":3}}],"line":261},"54":{"loc":{"start":{"line":267,"column":4},"end":{"line":268,"column":19}},"type":"if","locations":[{"start":{"line":267,"column":4},"end":{"line":268,"column":19}},{"start":{"line":267,"column":4},"end":{"line":268,"column":19}}],"line":267},"55":{"loc":{"start":{"line":270,"column":4},"end":{"line":276,"column":19}},"type":"if","locations":[{"start":{"line":270,"column":4},"end":{"line":276,"column":19}},{"start":{"line":270,"column":4},"end":{"line":276,"column":19}}],"line":270},"56":{"loc":{"start":{"line":270,"column":8},"end":{"line":270,"column":101}},"type":"binary-expr","locations":[{"start":{"line":270,"column":8},"end":{"line":270,"column":43}},{"start":{"line":270,"column":47},"end":{"line":270,"column":101}}],"line":270},"57":{"loc":{"start":{"line":271,"column":6},"end":{"line":274,"column":21}},"type":"if","locations":[{"start":{"line":271,"column":6},"end":{"line":274,"column":21}},{"start":{"line":271,"column":6},"end":{"line":274,"column":21}}],"line":271},"58":{"loc":{"start":{"line":280,"column":2},"end":{"line":296,"column":3}},"type":"if","locations":[{"start":{"line":280,"column":2},"end":{"line":296,"column":3}},{"start":{"line":280,"column":2},"end":{"line":296,"column":3}}],"line":280},"59":{"loc":{"start":{"line":286,"column":4},"end":{"line":287,"column":19}},"type":"if","locations":[{"start":{"line":286,"column":4},"end":{"line":287,"column":19}},{"start":{"line":286,"column":4},"end":{"line":287,"column":19}}],"line":286},"60":{"loc":{"start":{"line":289,"column":4},"end":{"line":295,"column":19}},"type":"if","locations":[{"start":{"line":289,"column":4},"end":{"line":295,"column":19}},{"start":{"line":289,"column":4},"end":{"line":295,"column":19}}],"line":289},"61":{"loc":{"start":{"line":289,"column":8},"end":{"line":289,"column":100}},"type":"binary-expr","locations":[{"start":{"line":289,"column":8},"end":{"line":289,"column":43}},{"start":{"line":289,"column":47},"end":{"line":289,"column":100}}],"line":289},"62":{"loc":{"start":{"line":290,"column":6},"end":{"line":293,"column":21}},"type":"if","locations":[{"start":{"line":290,"column":6},"end":{"line":293,"column":21}},{"start":{"line":290,"column":6},"end":{"line":293,"column":21}}],"line":290},"63":{"loc":{"start":{"line":302,"column":2},"end":{"line":316,"column":3}},"type":"if","locations":[{"start":{"line":302,"column":2},"end":{"line":316,"column":3}},{"start":{"line":302,"column":2},"end":{"line":316,"column":3}}],"line":302},"64":{"loc":{"start":{"line":307,"column":4},"end":{"line":308,"column":18}},"type":"if","locations":[{"start":{"line":307,"column":4},"end":{"line":308,"column":18}},{"start":{"line":307,"column":4},"end":{"line":308,"column":18}}],"line":307},"65":{"loc":{"start":{"line":310,"column":4},"end":{"line":315,"column":19}},"type":"if","locations":[{"start":{"line":310,"column":4},"end":{"line":315,"column":19}},{"start":{"line":310,"column":4},"end":{"line":315,"column":19}}],"line":310},"66":{"loc":{"start":{"line":310,"column":8},"end":{"line":310,"column":125}},"type":"binary-expr","locations":[{"start":{"line":310,"column":8},"end":{"line":310,"column":41}},{"start":{"line":310,"column":45},"end":{"line":310,"column":83}},{"start":{"line":310,"column":87},"end":{"line":310,"column":125}}],"line":310},"67":{"loc":{"start":{"line":312,"column":11},"end":{"line":315,"column":19}},"type":"if","locations":[{"start":{"line":312,"column":11},"end":{"line":315,"column":19}},{"start":{"line":312,"column":11},"end":{"line":315,"column":19}}],"line":312},"68":{"loc":{"start":{"line":312,"column":15},"end":{"line":312,"column":132}},"type":"binary-expr","locations":[{"start":{"line":312,"column":15},"end":{"line":312,"column":48}},{"start":{"line":312,"column":52},"end":{"line":312,"column":90}},{"start":{"line":312,"column":94},"end":{"line":312,"column":132}}],"line":312},"69":{"loc":{"start":{"line":318,"column":2},"end":{"line":332,"column":3}},"type":"if","locations":[{"start":{"line":318,"column":2},"end":{"line":332,"column":3}},{"start":{"line":318,"column":2},"end":{"line":332,"column":3}}],"line":318},"70":{"loc":{"start":{"line":323,"column":4},"end":{"line":324,"column":18}},"type":"if","locations":[{"start":{"line":323,"column":4},"end":{"line":324,"column":18}},{"start":{"line":323,"column":4},"end":{"line":324,"column":18}}],"line":323},"71":{"loc":{"start":{"line":326,"column":4},"end":{"line":331,"column":19}},"type":"if","locations":[{"start":{"line":326,"column":4},"end":{"line":331,"column":19}},{"start":{"line":326,"column":4},"end":{"line":331,"column":19}}],"line":326},"72":{"loc":{"start":{"line":326,"column":8},"end":{"line":326,"column":125}},"type":"binary-expr","locations":[{"start":{"line":326,"column":8},"end":{"line":326,"column":41}},{"start":{"line":326,"column":45},"end":{"line":326,"column":83}},{"start":{"line":326,"column":87},"end":{"line":326,"column":125}}],"line":326},"73":{"loc":{"start":{"line":328,"column":11},"end":{"line":331,"column":19}},"type":"if","locations":[{"start":{"line":328,"column":11},"end":{"line":331,"column":19}},{"start":{"line":328,"column":11},"end":{"line":331,"column":19}}],"line":328},"74":{"loc":{"start":{"line":328,"column":15},"end":{"line":328,"column":132}},"type":"binary-expr","locations":[{"start":{"line":328,"column":15},"end":{"line":328,"column":48}},{"start":{"line":328,"column":52},"end":{"line":328,"column":90}},{"start":{"line":328,"column":94},"end":{"line":328,"column":132}}],"line":328},"75":{"loc":{"start":{"line":341,"column":2},"end":{"line":358,"column":3}},"type":"if","locations":[{"start":{"line":341,"column":2},"end":{"line":358,"column":3}},{"start":{"line":341,"column":2},"end":{"line":358,"column":3}}],"line":341},"76":{"loc":{"start":{"line":348,"column":4},"end":{"line":355,"column":16}},"type":"if","locations":[{"start":{"line":348,"column":4},"end":{"line":355,"column":16}},{"start":{"line":348,"column":4},"end":{"line":355,"column":16}}],"line":348},"77":{"loc":{"start":{"line":348,"column":8},"end":{"line":348,"column":77}},"type":"binary-expr","locations":[{"start":{"line":348,"column":8},"end":{"line":348,"column":31}},{"start":{"line":348,"column":35},"end":{"line":348,"column":77}}],"line":348},"78":{"loc":{"start":{"line":349,"column":6},"end":{"line":353,"column":7}},"type":"if","locations":[{"start":{"line":349,"column":6},"end":{"line":353,"column":7}},{"start":{"line":349,"column":6},"end":{"line":353,"column":7}}],"line":349},"79":{"loc":{"start":{"line":360,"column":2},"end":{"line":376,"column":3}},"type":"if","locations":[{"start":{"line":360,"column":2},"end":{"line":376,"column":3}},{"start":{"line":360,"column":2},"end":{"line":376,"column":3}}],"line":360},"80":{"loc":{"start":{"line":366,"column":4},"end":{"line":373,"column":16}},"type":"if","locations":[{"start":{"line":366,"column":4},"end":{"line":373,"column":16}},{"start":{"line":366,"column":4},"end":{"line":373,"column":16}}],"line":366},"81":{"loc":{"start":{"line":366,"column":8},"end":{"line":366,"column":76}},"type":"binary-expr","locations":[{"start":{"line":366,"column":8},"end":{"line":366,"column":31}},{"start":{"line":366,"column":35},"end":{"line":366,"column":76}}],"line":366},"82":{"loc":{"start":{"line":367,"column":6},"end":{"line":371,"column":7}},"type":"if","locations":[{"start":{"line":367,"column":6},"end":{"line":371,"column":7}},{"start":{"line":367,"column":6},"end":{"line":371,"column":7}}],"line":367},"83":{"loc":{"start":{"line":385,"column":2},"end":{"line":401,"column":3}},"type":"if","locations":[{"start":{"line":385,"column":2},"end":{"line":401,"column":3}},{"start":{"line":385,"column":2},"end":{"line":401,"column":3}}],"line":385},"84":{"loc":{"start":{"line":391,"column":4},"end":{"line":398,"column":16}},"type":"if","locations":[{"start":{"line":391,"column":4},"end":{"line":398,"column":16}},{"start":{"line":391,"column":4},"end":{"line":398,"column":16}}],"line":391},"85":{"loc":{"start":{"line":391,"column":8},"end":{"line":391,"column":77}},"type":"binary-expr","locations":[{"start":{"line":391,"column":8},"end":{"line":391,"column":31}},{"start":{"line":391,"column":35},"end":{"line":391,"column":77}}],"line":391},"86":{"loc":{"start":{"line":392,"column":6},"end":{"line":396,"column":7}},"type":"if","locations":[{"start":{"line":392,"column":6},"end":{"line":396,"column":7}},{"start":{"line":392,"column":6},"end":{"line":396,"column":7}}],"line":392},"87":{"loc":{"start":{"line":403,"column":2},"end":{"line":419,"column":3}},"type":"if","locations":[{"start":{"line":403,"column":2},"end":{"line":419,"column":3}},{"start":{"line":403,"column":2},"end":{"line":419,"column":3}}],"line":403},"88":{"loc":{"start":{"line":409,"column":4},"end":{"line":416,"column":16}},"type":"if","locations":[{"start":{"line":409,"column":4},"end":{"line":416,"column":16}},{"start":{"line":409,"column":4},"end":{"line":416,"column":16}}],"line":409},"89":{"loc":{"start":{"line":409,"column":8},"end":{"line":409,"column":76}},"type":"binary-expr","locations":[{"start":{"line":409,"column":8},"end":{"line":409,"column":31}},{"start":{"line":409,"column":35},"end":{"line":409,"column":76}}],"line":409},"90":{"loc":{"start":{"line":410,"column":6},"end":{"line":414,"column":7}},"type":"if","locations":[{"start":{"line":410,"column":6},"end":{"line":414,"column":7}},{"start":{"line":410,"column":6},"end":{"line":414,"column":7}}],"line":410},"91":{"loc":{"start":{"line":428,"column":2},"end":{"line":441,"column":3}},"type":"if","locations":[{"start":{"line":428,"column":2},"end":{"line":441,"column":3}},{"start":{"line":428,"column":2},"end":{"line":441,"column":3}}],"line":428},"92":{"loc":{"start":{"line":433,"column":4},"end":{"line":440,"column":5}},"type":"if","locations":[{"start":{"line":433,"column":4},"end":{"line":440,"column":5}},{"start":{"line":433,"column":4},"end":{"line":440,"column":5}}],"line":433},"93":{"loc":{"start":{"line":434,"column":6},"end":{"line":435,"column":58}},"type":"if","locations":[{"start":{"line":434,"column":6},"end":{"line":435,"column":58}},{"start":{"line":434,"column":6},"end":{"line":435,"column":58}}],"line":434},"94":{"loc":{"start":{"line":438,"column":6},"end":{"line":439,"column":59}},"type":"if","locations":[{"start":{"line":438,"column":6},"end":{"line":439,"column":59}},{"start":{"line":438,"column":6},"end":{"line":439,"column":59}}],"line":438},"95":{"loc":{"start":{"line":443,"column":2},"end":{"line":455,"column":3}},"type":"if","locations":[{"start":{"line":443,"column":2},"end":{"line":455,"column":3}},{"start":{"line":443,"column":2},"end":{"line":455,"column":3}}],"line":443},"96":{"loc":{"start":{"line":448,"column":4},"end":{"line":454,"column":5}},"type":"if","locations":[{"start":{"line":448,"column":4},"end":{"line":454,"column":5}},{"start":{"line":448,"column":4},"end":{"line":454,"column":5}}],"line":448},"97":{"loc":{"start":{"line":449,"column":6},"end":{"line":450,"column":59}},"type":"if","locations":[{"start":{"line":449,"column":6},"end":{"line":450,"column":59}},{"start":{"line":449,"column":6},"end":{"line":450,"column":59}}],"line":449},"98":{"loc":{"start":{"line":452,"column":6},"end":{"line":453,"column":59}},"type":"if","locations":[{"start":{"line":452,"column":6},"end":{"line":453,"column":59}},{"start":{"line":452,"column":6},"end":{"line":453,"column":59}}],"line":452},"99":{"loc":{"start":{"line":463,"column":2},"end":{"line":484,"column":3}},"type":"if","locations":[{"start":{"line":463,"column":2},"end":{"line":484,"column":3}},{"start":{"line":463,"column":2},"end":{"line":484,"column":3}}],"line":463},"100":{"loc":{"start":{"line":472,"column":4},"end":{"line":479,"column":16}},"type":"if","locations":[{"start":{"line":472,"column":4},"end":{"line":479,"column":16}},{"start":{"line":472,"column":4},"end":{"line":479,"column":16}}],"line":472},"101":{"loc":{"start":{"line":472,"column":8},"end":{"line":472,"column":100}},"type":"binary-expr","locations":[{"start":{"line":472,"column":8},"end":{"line":472,"column":43}},{"start":{"line":472,"column":47},"end":{"line":472,"column":100}}],"line":472},"102":{"loc":{"start":{"line":473,"column":6},"end":{"line":477,"column":7}},"type":"if","locations":[{"start":{"line":473,"column":6},"end":{"line":477,"column":7}},{"start":{"line":473,"column":6},"end":{"line":477,"column":7}}],"line":473},"103":{"loc":{"start":{"line":486,"column":2},"end":{"line":503,"column":3}},"type":"if","locations":[{"start":{"line":486,"column":2},"end":{"line":503,"column":3}},{"start":{"line":486,"column":2},"end":{"line":503,"column":3}}],"line":486},"104":{"loc":{"start":{"line":494,"column":4},"end":{"line":500,"column":16}},"type":"if","locations":[{"start":{"line":494,"column":4},"end":{"line":500,"column":16}},{"start":{"line":494,"column":4},"end":{"line":500,"column":16}}],"line":494},"105":{"loc":{"start":{"line":494,"column":8},"end":{"line":494,"column":101}},"type":"binary-expr","locations":[{"start":{"line":494,"column":8},"end":{"line":494,"column":43}},{"start":{"line":494,"column":47},"end":{"line":494,"column":101}}],"line":494},"106":{"loc":{"start":{"line":495,"column":6},"end":{"line":498,"column":18}},"type":"if","locations":[{"start":{"line":495,"column":6},"end":{"line":498,"column":18}},{"start":{"line":495,"column":6},"end":{"line":498,"column":18}}],"line":495},"107":{"loc":{"start":{"line":510,"column":2},"end":{"line":527,"column":3}},"type":"if","locations":[{"start":{"line":510,"column":2},"end":{"line":527,"column":3}},{"start":{"line":510,"column":2},"end":{"line":527,"column":3}}],"line":510},"108":{"loc":{"start":{"line":518,"column":4},"end":{"line":524,"column":16}},"type":"if","locations":[{"start":{"line":518,"column":4},"end":{"line":524,"column":16}},{"start":{"line":518,"column":4},"end":{"line":524,"column":16}}],"line":518},"109":{"loc":{"start":{"line":518,"column":8},"end":{"line":518,"column":100}},"type":"binary-expr","locations":[{"start":{"line":518,"column":8},"end":{"line":518,"column":43}},{"start":{"line":518,"column":47},"end":{"line":518,"column":100}}],"line":518},"110":{"loc":{"start":{"line":519,"column":6},"end":{"line":522,"column":18}},"type":"if","locations":[{"start":{"line":519,"column":6},"end":{"line":522,"column":18}},{"start":{"line":519,"column":6},"end":{"line":522,"column":18}}],"line":519},"111":{"loc":{"start":{"line":529,"column":2},"end":{"line":545,"column":3}},"type":"if","locations":[{"start":{"line":529,"column":2},"end":{"line":545,"column":3}},{"start":{"line":529,"column":2},"end":{"line":545,"column":3}}],"line":529},"112":{"loc":{"start":{"line":536,"column":4},"end":{"line":542,"column":16}},"type":"if","locations":[{"start":{"line":536,"column":4},"end":{"line":542,"column":16}},{"start":{"line":536,"column":4},"end":{"line":542,"column":16}}],"line":536},"113":{"loc":{"start":{"line":536,"column":8},"end":{"line":536,"column":101}},"type":"binary-expr","locations":[{"start":{"line":536,"column":8},"end":{"line":536,"column":43}},{"start":{"line":536,"column":47},"end":{"line":536,"column":101}}],"line":536},"114":{"loc":{"start":{"line":537,"column":6},"end":{"line":540,"column":18}},"type":"if","locations":[{"start":{"line":537,"column":6},"end":{"line":540,"column":18}},{"start":{"line":537,"column":6},"end":{"line":540,"column":18}}],"line":537},"115":{"loc":{"start":{"line":551,"column":2},"end":{"line":566,"column":3}},"type":"if","locations":[{"start":{"line":551,"column":2},"end":{"line":566,"column":3}},{"start":{"line":551,"column":2},"end":{"line":566,"column":3}}],"line":551},"116":{"loc":{"start":{"line":556,"column":4},"end":{"line":557,"column":18}},"type":"if","locations":[{"start":{"line":556,"column":4},"end":{"line":557,"column":18}},{"start":{"line":556,"column":4},"end":{"line":557,"column":18}}],"line":556},"117":{"loc":{"start":{"line":559,"column":4},"end":{"line":564,"column":19}},"type":"if","locations":[{"start":{"line":559,"column":4},"end":{"line":564,"column":19}},{"start":{"line":559,"column":4},"end":{"line":564,"column":19}}],"line":559},"118":{"loc":{"start":{"line":559,"column":8},"end":{"line":559,"column":129}},"type":"binary-expr","locations":[{"start":{"line":559,"column":8},"end":{"line":559,"column":53}},{"start":{"line":559,"column":57},"end":{"line":559,"column":91}},{"start":{"line":559,"column":95},"end":{"line":559,"column":129}}],"line":559},"119":{"loc":{"start":{"line":561,"column":11},"end":{"line":564,"column":19}},"type":"if","locations":[{"start":{"line":561,"column":11},"end":{"line":564,"column":19}},{"start":{"line":561,"column":11},"end":{"line":564,"column":19}}],"line":561},"120":{"loc":{"start":{"line":561,"column":15},"end":{"line":561,"column":136}},"type":"binary-expr","locations":[{"start":{"line":561,"column":15},"end":{"line":561,"column":60}},{"start":{"line":561,"column":64},"end":{"line":561,"column":98}},{"start":{"line":561,"column":102},"end":{"line":561,"column":136}}],"line":561},"121":{"loc":{"start":{"line":569,"column":2},"end":{"line":583,"column":3}},"type":"if","locations":[{"start":{"line":569,"column":2},"end":{"line":583,"column":3}},{"start":{"line":569,"column":2},"end":{"line":583,"column":3}}],"line":569},"122":{"loc":{"start":{"line":574,"column":4},"end":{"line":575,"column":18}},"type":"if","locations":[{"start":{"line":574,"column":4},"end":{"line":575,"column":18}},{"start":{"line":574,"column":4},"end":{"line":575,"column":18}}],"line":574},"123":{"loc":{"start":{"line":577,"column":4},"end":{"line":582,"column":19}},"type":"if","locations":[{"start":{"line":577,"column":4},"end":{"line":582,"column":19}},{"start":{"line":577,"column":4},"end":{"line":582,"column":19}}],"line":577},"124":{"loc":{"start":{"line":577,"column":8},"end":{"line":577,"column":129}},"type":"binary-expr","locations":[{"start":{"line":577,"column":8},"end":{"line":577,"column":53}},{"start":{"line":577,"column":57},"end":{"line":577,"column":91}},{"start":{"line":577,"column":95},"end":{"line":577,"column":129}}],"line":577},"125":{"loc":{"start":{"line":579,"column":9},"end":{"line":582,"column":19}},"type":"if","locations":[{"start":{"line":579,"column":9},"end":{"line":582,"column":19}},{"start":{"line":579,"column":9},"end":{"line":582,"column":19}}],"line":579},"126":{"loc":{"start":{"line":579,"column":13},"end":{"line":579,"column":134}},"type":"binary-expr","locations":[{"start":{"line":579,"column":13},"end":{"line":579,"column":58}},{"start":{"line":579,"column":62},"end":{"line":579,"column":96}},{"start":{"line":579,"column":100},"end":{"line":579,"column":134}}],"line":579}},"s":{"0":2,"1":66,"2":66,"3":66,"4":13,"5":53,"6":2,"7":66,"8":66,"9":66,"10":66,"11":66,"12":53,"13":13,"14":13,"15":23,"16":13,"17":67,"18":67,"19":67,"20":67,"21":39,"22":28,"23":28,"24":44,"25":44,"26":13,"27":2,"28":65,"29":65,"30":54,"31":12,"32":54,"33":17,"34":65,"35":2,"36":68,"37":68,"38":68,"39":68,"40":12,"41":68,"42":7,"43":68,"44":7,"45":7,"46":68,"47":12,"48":12,"49":68,"50":68,"51":2,"52":22,"53":22,"54":22,"55":22,"56":11,"57":11,"58":11,"59":11,"60":9,"61":5,"62":9,"63":4,"64":22,"65":11,"66":11,"67":11,"68":11,"69":9,"70":5,"71":9,"72":4,"73":22,"74":2,"75":150,"76":150,"77":76,"78":76,"79":76,"80":76,"81":76,"82":23,"83":53,"84":18,"85":12,"86":6,"87":35,"88":74,"89":74,"90":74,"91":74,"92":74,"93":74,"94":22,"95":52,"96":13,"97":9,"98":4,"99":39,"100":2,"101":165,"102":165,"103":83,"104":83,"105":83,"106":83,"107":83,"108":23,"109":60,"110":24,"111":20,"112":4,"113":36,"114":82,"115":82,"116":82,"117":82,"118":82,"119":82,"120":22,"121":60,"122":28,"123":24,"124":4,"125":32,"126":2,"127":68,"128":68,"129":32,"130":32,"131":32,"132":32,"133":32,"134":9,"135":23,"136":7,"137":6,"138":1,"139":16,"140":36,"141":36,"142":36,"143":36,"144":36,"145":36,"146":8,"147":28,"148":7,"149":6,"150":1,"151":21,"152":2,"153":68,"154":68,"155":32,"156":32,"157":32,"158":32,"159":32,"160":9,"161":23,"162":5,"163":3,"164":2,"165":18,"166":36,"167":36,"168":36,"169":36,"170":36,"171":36,"172":8,"173":28,"174":6,"175":4,"176":2,"177":22,"178":2,"179":0,"180":0,"181":0,"182":0,"183":0,"184":0,"185":0,"186":0,"187":0,"188":0,"189":0,"190":0,"191":0,"192":0,"193":0,"194":0,"195":0,"196":0,"197":0,"198":0,"199":0,"200":0,"201":0,"202":2,"203":14,"204":14,"205":14,"206":6,"207":6,"208":6,"209":6,"210":6,"211":6,"212":6,"213":0,"214":0,"215":6,"216":8,"217":8,"218":8,"219":8,"220":8,"221":8,"222":8,"223":8,"224":0,"225":0,"226":8,"227":2,"228":24,"229":24,"230":24,"231":12,"232":12,"233":12,"234":12,"235":12,"236":12,"237":12,"238":0,"239":0,"240":12,"241":12,"242":12,"243":12,"244":12,"245":12,"246":12,"247":12,"248":12,"249":0,"250":0,"251":12,"252":2,"253":53,"254":53,"255":53,"256":26,"257":26,"258":26,"259":26,"260":24,"261":13,"262":24,"263":8,"264":53,"265":27,"266":27,"267":27,"268":27,"269":24,"270":10,"271":24,"272":11,"273":53,"274":2,"275":19,"276":19,"277":10,"278":10,"279":10,"280":10,"281":10,"282":10,"283":10,"284":10,"285":0,"286":0,"287":10,"288":9,"289":9,"290":9,"291":9,"292":9,"293":9,"294":9,"295":9,"296":9,"297":0,"298":0,"299":9,"300":2,"301":29,"302":29,"303":13,"304":13,"305":13,"306":13,"307":13,"308":13,"309":13,"310":13,"311":0,"312":0,"313":13,"314":16,"315":16,"316":16,"317":16,"318":16,"319":16,"320":16,"321":16,"322":16,"323":0,"324":0,"325":16,"326":2,"327":65,"328":65,"329":35,"330":35,"331":35,"332":35,"333":0,"334":35,"335":28,"336":7,"337":2,"338":5,"339":30,"340":30,"341":30,"342":30,"343":30,"344":1,"345":29,"346":20,"347":9,"348":4,"349":5},"f":{"0":66,"1":66,"2":65,"3":68,"4":22,"5":150,"6":165,"7":68,"8":68,"9":0,"10":14,"11":24,"12":53,"13":19,"14":29,"15":65},"b":{"0":[13,53],"1":[22,31],"2":[26,40],"3":[53,13],"4":[42,25],"5":[39,28],"6":[54,11],"7":[12,42],"8":[17,37],"9":[12,56],"10":[7,61],"11":[7,61],"12":[7,0],"13":[12,56],"14":[12,0],"15":[11,11],"16":[9,2],"17":[5,4],"18":[4,5],"19":[11,11],"20":[9,2],"21":[5,4],"22":[4,5],"23":[76,74],"24":[23,53],"25":[18,35],"26":[53,26],"27":[12,6],"28":[74,0],"29":[22,52],"30":[13,39],"31":[52,17],"32":[9,4],"33":[83,82],"34":[23,60],"35":[24,36],"36":[60,28],"37":[20,4],"38":[82,0],"39":[22,60],"40":[28,32],"41":[60,36],"42":[24,4],"43":[32,36],"44":[9,23],"45":[7,16],"46":[23,8],"47":[6,1],"48":[36,0],"49":[8,28],"50":[7,21],"51":[28,9],"52":[6,1],"53":[32,36],"54":[9,23],"55":[5,18],"56":[23,5],"57":[3,2],"58":[36,0],"59":[8,28],"60":[6,22],"61":[28,6],"62":[4,2],"63":[0,0],"64":[0,0],"65":[0,0],"66":[0,0,0],"67":[0,0],"68":[0,0,0],"69":[0,0],"70":[0,0],"71":[0,0],"72":[0,0,0],"73":[0,0],"74":[0,0,0],"75":[6,8],"76":[6,0],"77":[6,6],"78":[6,0],"79":[8,0],"80":[8,0],"81":[8,8],"82":[8,0],"83":[12,12],"84":[12,0],"85":[12,12],"86":[12,0],"87":[12,0],"88":[12,0],"89":[12,12],"90":[12,0],"91":[26,27],"92":[24,2],"93":[13,11],"94":[8,16],"95":[27,26],"96":[24,3],"97":[10,14],"98":[11,13],"99":[10,9],"100":[10,0],"101":[10,10],"102":[10,0],"103":[9,0],"104":[9,0],"105":[9,9],"106":[9,0],"107":[13,16],"108":[13,0],"109":[13,13],"110":[13,0],"111":[16,0],"112":[16,0],"113":[16,16],"114":[16,0],"115":[35,30],"116":[0,35],"117":[28,7],"118":[35,15,7],"119":[2,5],"120":[7,5,5],"121":[30,0],"122":[1,29],"123":[20,9],"124":[29,18,11],"125":[4,5],"126":[9,5,5]},"_coverageSchema":"43e27e138ebf9cfc5966b082cf9a028302ed4184","hash":"bbc6ccd6044e29f9a59eb7235ca257b82dce77ce"}
,"C:\\Users\\Kaur Taal\\Documents\\Isiklik\\Kabe-veebirakendus\\src\\scripts\\data.js": {"path":"C:\\Users\\Kaur Taal\\Documents\\Isiklik\\Kabe-veebirakendus\\src\\scripts\\data.js","statementMap":{"0":{"start":{"line":2,"column":28},"end":{"line":13,"column":1}},"1":{"start":{"line":3,"column":2},"end":{"line":12,"column":3}}},"fnMap":{"0":{"name":"(anonymous_0)","decl":{"start":{"line":2,"column":28},"end":{"line":2,"column":29}},"loc":{"start":{"line":2,"column":33},"end":{"line":13,"column":1}},"line":2}},"branchMap":{},"s":{"0":0,"1":0},"f":{"0":0},"b":{},"hash":"c8ef0559d869aae121b234b38b458a14dc3d2b38"}
,"C:\\Users\\Kaur Taal\\Documents\\Isiklik\\Kabe-veebirakendus\\src\\scripts\\hinda.js": {"path":"C:\\Users\\Kaur Taal\\Documents\\Isiklik\\Kabe-veebirakendus\\src\\scripts\\hinda.js","statementMap":{"0":{"start":{"line":2,"column":14},"end":{"line":15,"column":1}},"1":{"start":{"line":3,"column":14},"end":{"line":3,"column":15}},"2":{"start":{"line":4,"column":2},"end":{"line":13,"column":3}},"3":{"start":{"line":4,"column":15},"end":{"line":4,"column":16}},"4":{"start":{"line":5,"column":4},"end":{"line":12,"column":5}},"5":{"start":{"line":5,"column":17},"end":{"line":5,"column":18}},"6":{"start":{"line":6,"column":6},"end":{"line":11,"column":7}},"7":{"start":{"line":7,"column":8},"end":{"line":10,"column":18}},"8":{"start":{"line":8,"column":10},"end":{"line":8,"column":21}},"9":{"start":{"line":10,"column":10},"end":{"line":10,"column":18}},"10":{"start":{"line":14,"column":2},"end":{"line":14,"column":15}}},"fnMap":{"0":{"name":"(anonymous_0)","decl":{"start":{"line":2,"column":14},"end":{"line":2,"column":15}},"loc":{"start":{"line":2,"column":38},"end":{"line":15,"column":1}},"line":2}},"branchMap":{"0":{"loc":{"start":{"line":6,"column":6},"end":{"line":11,"column":7}},"type":"if","locations":[{"start":{"line":6,"column":6},"end":{"line":11,"column":7}},{"start":{"line":6,"column":6},"end":{"line":11,"column":7}}],"line":6},"1":{"loc":{"start":{"line":6,"column":10},"end":{"line":6,"column":72}},"type":"binary-expr","locations":[{"start":{"line":6,"column":10},"end":{"line":6,"column":34}},{"start":{"line":6,"column":38},"end":{"line":6,"column":72}}],"line":6},"2":{"loc":{"start":{"line":7,"column":8},"end":{"line":10,"column":18}},"type":"if","locations":[{"start":{"line":7,"column":8},"end":{"line":10,"column":18}},{"start":{"line":7,"column":8},"end":{"line":10,"column":18}}],"line":7}},"s":{"0":1,"1":2,"2":2,"3":2,"4":16,"5":16,"6":128,"7":9,"8":4,"9":5,"10":2},"f":{"0":2},"b":{"0":[9,119],"1":[128,14],"2":[4,5]},"_coverageSchema":"43e27e138ebf9cfc5966b082cf9a028302ed4184","hash":"d4dac9a8a5a8de92fbfbb64a8e84007c509537b0"}
,"C:\\Users\\Kaur Taal\\Documents\\Isiklik\\Kabe-veebirakendus\\src\\scripts\\kasMängLäbi.js": {"path":"C:\\Users\\Kaur Taal\\Documents\\Isiklik\\Kabe-veebirakendus\\src\\scripts\\kasMängLäbi.js","statementMap":{"0":{"start":{"line":2,"column":16},"end":{"line":24,"column":1}},"1":{"start":{"line":4,"column":14},"end":{"line":4,"column":15}},"2":{"start":{"line":5,"column":16},"end":{"line":5,"column":17}},"3":{"start":{"line":7,"column":2},"end":{"line":16,"column":4}},"4":{"start":{"line":8,"column":4},"end":{"line":15,"column":6}},"5":{"start":{"line":9,"column":6},"end":{"line":14,"column":7}},"6":{"start":{"line":10,"column":8},"end":{"line":11,"column":18}},"7":{"start":{"line":11,"column":10},"end":{"line":11,"column":18}},"8":{"start":{"line":12,"column":8},"end":{"line":13,"column":20}},"9":{"start":{"line":13,"column":10},"end":{"line":13,"column":20}},"10":{"start":{"line":18,"column":2},"end":{"line":19,"column":18}},"11":{"start":{"line":19,"column":4},"end":{"line":19,"column":18}},"12":{"start":{"line":20,"column":2},"end":{"line":21,"column":17}},"13":{"start":{"line":21,"column":4},"end":{"line":21,"column":17}},"14":{"start":{"line":23,"column":2},"end":{"line":23,"column":14}}},"fnMap":{"0":{"name":"(anonymous_0)","decl":{"start":{"line":2,"column":16},"end":{"line":2,"column":17}},"loc":{"start":{"line":2,"column":30},"end":{"line":24,"column":1}},"line":2},"1":{"name":"(anonymous_1)","decl":{"start":{"line":7,"column":20},"end":{"line":7,"column":21}},"loc":{"start":{"line":7,"column":27},"end":{"line":16,"column":3}},"line":7},"2":{"name":"(anonymous_2)","decl":{"start":{"line":8,"column":17},"end":{"line":8,"column":18}},"loc":{"start":{"line":8,"column":24},"end":{"line":15,"column":5}},"line":8}},"branchMap":{"0":{"loc":{"start":{"line":9,"column":6},"end":{"line":14,"column":7}},"type":"if","locations":[{"start":{"line":9,"column":6},"end":{"line":14,"column":7}},{"start":{"line":9,"column":6},"end":{"line":14,"column":7}}],"line":9},"1":{"loc":{"start":{"line":10,"column":8},"end":{"line":11,"column":18}},"type":"if","locations":[{"start":{"line":10,"column":8},"end":{"line":11,"column":18}},{"start":{"line":10,"column":8},"end":{"line":11,"column":18}}],"line":10},"2":{"loc":{"start":{"line":12,"column":8},"end":{"line":13,"column":20}},"type":"if","locations":[{"start":{"line":12,"column":8},"end":{"line":13,"column":20}},{"start":{"line":12,"column":8},"end":{"line":13,"column":20}}],"line":12},"3":{"loc":{"start":{"line":18,"column":2},"end":{"line":19,"column":18}},"type":"if","locations":[{"start":{"line":18,"column":2},"end":{"line":19,"column":18}},{"start":{"line":18,"column":2},"end":{"line":19,"column":18}}],"line":18},"4":{"loc":{"start":{"line":18,"column":6},"end":{"line":18,"column":34}},"type":"binary-expr","locations":[{"start":{"line":18,"column":6},"end":{"line":18,"column":17}},{"start":{"line":18,"column":21},"end":{"line":18,"column":34}}],"line":18},"5":{"loc":{"start":{"line":20,"column":2},"end":{"line":21,"column":17}},"type":"if","locations":[{"start":{"line":20,"column":2},"end":{"line":21,"column":17}},{"start":{"line":20,"column":2},"end":{"line":21,"column":17}}],"line":20},"6":{"loc":{"start":{"line":20,"column":6},"end":{"line":20,"column":34}},"type":"binary-expr","locations":[{"start":{"line":20,"column":6},"end":{"line":20,"column":19}},{"start":{"line":20,"column":23},"end":{"line":20,"column":34}}],"line":20}},"s":{"0":1,"1":3,"2":3,"3":3,"4":24,"5":192,"6":24,"7":15,"8":24,"9":9,"10":3,"11":1,"12":2,"13":1,"14":1},"f":{"0":3,"1":24,"2":192},"b":{"0":[24,168],"1":[15,9],"2":[9,15],"3":[1,2],"4":[3,1],"5":[1,1],"6":[2,1]},"_coverageSchema":"43e27e138ebf9cfc5966b082cf9a028302ed4184","hash":"dc7ba462562768233151f414b2b30c0df0e08118"}
,"C:\\Users\\Kaur Taal\\Documents\\Isiklik\\Kabe-veebirakendus\\src\\scripts\\sooritaKäik.js": {"path":"C:\\Users\\Kaur Taal\\Documents\\Isiklik\\Kabe-veebirakendus\\src\\scripts\\sooritaKäik.js","statementMap":{"0":{"start":{"line":1,"column":20},"end":{"line":56,"column":1}},"1":{"start":{"line":2,"column":17},"end":{"line":2,"column":56}},"2":{"start":{"line":3,"column":19},"end":{"line":3,"column":56}},"3":{"start":{"line":4,"column":15},"end":{"line":4,"column":45}},"4":{"start":{"line":5,"column":20},"end":{"line":5,"column":30}},"5":{"start":{"line":6,"column":20},"end":{"line":6,"column":30}},"6":{"start":{"line":7,"column":19},"end":{"line":7,"column":29}},"7":{"start":{"line":8,"column":19},"end":{"line":8,"column":29}},"8":{"start":{"line":10,"column":2},"end":{"line":50,"column":3}},"9":{"start":{"line":12,"column":4},"end":{"line":18,"column":5}},"10":{"start":{"line":13,"column":26},"end":{"line":13,"column":39}},"11":{"start":{"line":14,"column":26},"end":{"line":14,"column":39}},"12":{"start":{"line":15,"column":6},"end":{"line":15,"column":42}},"13":{"start":{"line":16,"column":6},"end":{"line":16,"column":46}},"14":{"start":{"line":17,"column":6},"end":{"line":17,"column":40}},"15":{"start":{"line":21,"column":4},"end":{"line":27,"column":5}},"16":{"start":{"line":22,"column":26},"end":{"line":22,"column":39}},"17":{"start":{"line":23,"column":26},"end":{"line":23,"column":39}},"18":{"start":{"line":24,"column":6},"end":{"line":24,"column":42}},"19":{"start":{"line":25,"column":6},"end":{"line":25,"column":46}},"20":{"start":{"line":26,"column":6},"end":{"line":26,"column":40}},"21":{"start":{"line":30,"column":4},"end":{"line":36,"column":5}},"22":{"start":{"line":31,"column":26},"end":{"line":31,"column":39}},"23":{"start":{"line":32,"column":26},"end":{"line":32,"column":39}},"24":{"start":{"line":33,"column":6},"end":{"line":33,"column":42}},"25":{"start":{"line":34,"column":6},"end":{"line":34,"column":46}},"26":{"start":{"line":35,"column":6},"end":{"line":35,"column":40}},"27":{"start":{"line":39,"column":4},"end":{"line":45,"column":5}},"28":{"start":{"line":40,"column":26},"end":{"line":40,"column":39}},"29":{"start":{"line":41,"column":26},"end":{"line":41,"column":39}},"30":{"start":{"line":42,"column":6},"end":{"line":42,"column":42}},"31":{"start":{"line":43,"column":6},"end":{"line":43,"column":46}},"32":{"start":{"line":44,"column":6},"end":{"line":44,"column":40}},"33":{"start":{"line":48,"column":4},"end":{"line":48,"column":40}},"34":{"start":{"line":49,"column":4},"end":{"line":49,"column":38}},"35":{"start":{"line":52,"column":2},"end":{"line":54,"column":3}},"36":{"start":{"line":53,"column":4},"end":{"line":53,"column":47}},"37":{"start":{"line":55,"column":2},"end":{"line":55,"column":16}},"38":{"start":{"line":59,"column":25},"end":{"line":67,"column":1}},"39":{"start":{"line":60,"column":15},"end":{"line":60,"column":25}},"40":{"start":{"line":61,"column":19},"end":{"line":61,"column":29}},"41":{"start":{"line":63,"column":2},"end":{"line":66,"column":17}},"42":{"start":{"line":64,"column":4},"end":{"line":64,"column":16}},"43":{"start":{"line":66,"column":4},"end":{"line":66,"column":17}},"44":{"start":{"line":69,"column":25},"end":{"line":76,"column":1}},"45":{"start":{"line":70,"column":19},"end":{"line":70,"column":29}},"46":{"start":{"line":71,"column":2},"end":{"line":72,"column":16}},"47":{"start":{"line":72,"column":4},"end":{"line":72,"column":16}},"48":{"start":{"line":73,"column":2},"end":{"line":74,"column":16}},"49":{"start":{"line":74,"column":4},"end":{"line":74,"column":16}},"50":{"start":{"line":75,"column":2},"end":{"line":75,"column":15}}},"fnMap":{"0":{"name":"(anonymous_0)","decl":{"start":{"line":1,"column":20},"end":{"line":1,"column":21}},"loc":{"start":{"line":1,"column":43},"end":{"line":56,"column":1}},"line":1},"1":{"name":"(anonymous_1)","decl":{"start":{"line":59,"column":25},"end":{"line":59,"column":26}},"loc":{"start":{"line":59,"column":35},"end":{"line":67,"column":1}},"line":59},"2":{"name":"(anonymous_2)","decl":{"start":{"line":69,"column":25},"end":{"line":69,"column":26}},"loc":{"start":{"line":69,"column":41},"end":{"line":76,"column":1}},"line":69}},"branchMap":{"0":{"loc":{"start":{"line":10,"column":2},"end":{"line":50,"column":3}},"type":"if","locations":[{"start":{"line":10,"column":2},"end":{"line":50,"column":3}},{"start":{"line":10,"column":2},"end":{"line":50,"column":3}}],"line":10},"1":{"loc":{"start":{"line":12,"column":4},"end":{"line":18,"column":5}},"type":"if","locations":[{"start":{"line":12,"column":4},"end":{"line":18,"column":5}},{"start":{"line":12,"column":4},"end":{"line":18,"column":5}}],"line":12},"2":{"loc":{"start":{"line":12,"column":8},"end":{"line":12,"column":60}},"type":"binary-expr","locations":[{"start":{"line":12,"column":8},"end":{"line":12,"column":32}},{"start":{"line":12,"column":36},"end":{"line":12,"column":60}}],"line":12},"3":{"loc":{"start":{"line":21,"column":4},"end":{"line":27,"column":5}},"type":"if","locations":[{"start":{"line":21,"column":4},"end":{"line":27,"column":5}},{"start":{"line":21,"column":4},"end":{"line":27,"column":5}}],"line":21},"4":{"loc":{"start":{"line":21,"column":8},"end":{"line":21,"column":60}},"type":"binary-expr","locations":[{"start":{"line":21,"column":8},"end":{"line":21,"column":32}},{"start":{"line":21,"column":36},"end":{"line":21,"column":60}}],"line":21},"5":{"loc":{"start":{"line":30,"column":4},"end":{"line":36,"column":5}},"type":"if","locations":[{"start":{"line":30,"column":4},"end":{"line":36,"column":5}},{"start":{"line":30,"column":4},"end":{"line":36,"column":5}}],"line":30},"6":{"loc":{"start":{"line":30,"column":8},"end":{"line":30,"column":60}},"type":"binary-expr","locations":[{"start":{"line":30,"column":8},"end":{"line":30,"column":32}},{"start":{"line":30,"column":36},"end":{"line":30,"column":60}}],"line":30},"7":{"loc":{"start":{"line":39,"column":4},"end":{"line":45,"column":5}},"type":"if","locations":[{"start":{"line":39,"column":4},"end":{"line":45,"column":5}},{"start":{"line":39,"column":4},"end":{"line":45,"column":5}}],"line":39},"8":{"loc":{"start":{"line":39,"column":8},"end":{"line":39,"column":60}},"type":"binary-expr","locations":[{"start":{"line":39,"column":8},"end":{"line":39,"column":32}},{"start":{"line":39,"column":36},"end":{"line":39,"column":60}}],"line":39},"9":{"loc":{"start":{"line":52,"column":2},"end":{"line":54,"column":3}},"type":"if","locations":[{"start":{"line":52,"column":2},"end":{"line":54,"column":3}},{"start":{"line":52,"column":2},"end":{"line":54,"column":3}}],"line":52},"10":{"loc":{"start":{"line":63,"column":2},"end":{"line":66,"column":17}},"type":"if","locations":[{"start":{"line":63,"column":2},"end":{"line":66,"column":17}},{"start":{"line":63,"column":2},"end":{"line":66,"column":17}}],"line":63},"11":{"loc":{"start":{"line":71,"column":2},"end":{"line":72,"column":16}},"type":"if","locations":[{"start":{"line":71,"column":2},"end":{"line":72,"column":16}},{"start":{"line":71,"column":2},"end":{"line":72,"column":16}}],"line":71},"12":{"loc":{"start":{"line":71,"column":6},"end":{"line":71,"column":39}},"type":"binary-expr","locations":[{"start":{"line":71,"column":6},"end":{"line":71,"column":21}},{"start":{"line":71,"column":25},"end":{"line":71,"column":39}}],"line":71},"13":{"loc":{"start":{"line":73,"column":2},"end":{"line":74,"column":16}},"type":"if","locations":[{"start":{"line":73,"column":2},"end":{"line":74,"column":16}},{"start":{"line":73,"column":2},"end":{"line":74,"column":16}}],"line":73},"14":{"loc":{"start":{"line":73,"column":6},"end":{"line":73,"column":40}},"type":"binary-expr","locations":[{"start":{"line":73,"column":6},"end":{"line":73,"column":22}},{"start":{"line":73,"column":26},"end":{"line":73,"column":40}}],"line":73}},"s":{"0":3,"1":75,"2":75,"3":75,"4":75,"5":75,"6":75,"7":75,"8":75,"9":73,"10":20,"11":20,"12":20,"13":20,"14":20,"15":73,"16":15,"17":15,"18":15,"19":15,"20":15,"21":73,"22":24,"23":24,"24":24,"25":24,"26":24,"27":73,"28":14,"29":14,"30":14,"31":14,"32":14,"33":2,"34":2,"35":75,"36":9,"37":75,"38":3,"39":75,"40":75,"41":75,"42":73,"43":2,"44":3,"45":75,"46":75,"47":1,"48":74,"49":8,"50":66},"f":{"0":75,"1":75,"2":75},"b":{"0":[73,2],"1":[20,53],"2":[73,35],"3":[15,58],"4":[73,35],"5":[24,49],"6":[73,38],"7":[14,59],"8":[73,38],"9":[9,66],"10":[73,2],"11":[1,74],"12":[75,36],"13":[8,66],"14":[74,39]},"_coverageSchema":"43e27e138ebf9cfc5966b082cf9a028302ed4184","hash":"6e17f3f5122215f0bea6bd5d07848d81d73366e2"}
,"C:\\Users\\Kaur Taal\\Documents\\Isiklik\\Kabe-veebirakendus\\tests\\unit\\erinevadLauaSeisud.js": {"path":"C:\\Users\\Kaur Taal\\Documents\\Isiklik\\Kabe-veebirakendus\\tests\\unit\\erinevadLauaSeisud.js","statementMap":{"0":{"start":{"line":1,"column":27},"end":{"line":390,"column":1}},"1":{"start":{"line":2,"column":4},"end":{"line":389,"column":5}}},"fnMap":{"0":{"name":"(anonymous_0)","decl":{"start":{"line":1,"column":27},"end":{"line":1,"column":28}},"loc":{"start":{"line":1,"column":33},"end":{"line":390,"column":1}},"line":1}},"branchMap":{},"s":{"0":5,"1":83},"f":{"0":83},"b":{},"_coverageSchema":"43e27e138ebf9cfc5966b082cf9a028302ed4184","hash":"13902c3eb05e3b207ec3e713ecc7c49d455dd095"}
}
