TN:
SF:C:\Users\Kaur Taal\Documents\Isiklik\Kabe-veebirakendus\src\App.vue
FNF:0
FNH:0
DA:6,0
LF:1
LH:0
BRF:0
BRH:0
end_of_record
TN:
SF:C:\Users\Kaur Taal\Documents\Isiklik\Kabe-veebirakendus\src\main.js
FN:8,(anonymous_0)
FNF:1
FNH:0
FNDA:0,(anonymous_0)
DA:6,0
DA:8,0
LF:2
LH:0
BRF:0
BRH:0
end_of_record
TN:
SF:C:\Users\Kaur Taal\Documents\Isiklik\Kabe-veebirakendus\src\components\KabeLaud.vue
FN:53,(anonymous_1)
FN:60,(anonymous_2)
FN:62,(anonymous_3)
FN:70,(anonymous_4)
FN:88,(anonymous_5)
FNF:5
FNH:0
FNDA:0,(anonymous_1)
FNDA:0,(anonymous_2)
FNDA:0,(anonymous_3)
FNDA:0,(anonymous_4)
FNDA:0,(anonymous_5)
DA:44,0
DA:45,0
DA:46,0
DA:54,0
DA:61,0
DA:62,0
DA:63,0
DA:65,0
DA:71,0
DA:73,0
DA:75,0
DA:77,0
DA:79,0
DA:81,0
DA:83,0
DA:85,0
DA:89,0
DA:90,0
DA:92,0
DA:94,0
DA:96,0
DA:98,0
LF:22
LH:0
BRDA:71,0,0,0
BRDA:71,0,1,0
BRDA:73,1,0,0
BRDA:73,1,1,0
BRDA:75,2,0,0
BRDA:75,2,1,0
BRDA:77,3,0,0
BRDA:77,3,1,0
BRDA:79,4,0,0
BRDA:79,4,1,0
BRDA:81,5,0,0
BRDA:81,5,1,0
BRDA:83,6,0,0
BRDA:83,6,1,0
BRDA:92,7,0,0
BRDA:92,7,1,0
BRDA:94,8,0,0
BRDA:94,8,1,0
BRDA:96,9,0,0
BRDA:96,9,1,0
BRDA:98,10,0,0
BRDA:98,10,1,0
BRF:22
BRH:0
end_of_record
TN:
SF:C:\Users\Kaur Taal\Documents\Isiklik\Kabe-veebirakendus\src\pages\Kabe.vue
FNF:0
FNH:0
DA:8,0
DA:9,0
LF:2
LH:0
BRF:0
BRH:0
end_of_record
TN:
SF:C:\Users\Kaur Taal\Documents\Isiklik\Kabe-veebirakendus\src\scripts\annaKõikKäigud.js
FN:3,(anonymous_0)
FN:16,(anonymous_1)
FNF:2
FNH:2
FNDA:4,(anonymous_0)
FNDA:4,(anonymous_1)
DA:3,1
DA:4,4
DA:6,4
DA:7,4
DA:8,8
DA:9,12
DA:10,12
DA:13,4
DA:16,1
DA:17,4
DA:18,4
DA:19,32
DA:20,256
DA:21,24
DA:22,8
DA:26,4
LF:16
LH:16
BRDA:20,0,0,24
BRDA:20,0,1,232
BRDA:21,1,0,8
BRDA:21,1,1,16
BRF:4
BRH:4
end_of_record
TN:
SF:C:\Users\Kaur Taal\Documents\Isiklik\Kabe-veebirakendus\src\scripts\annaRuuduKäigud.js
FN:4,(anonymous_0)
FN:16,(anonymous_1)
FN:52,(anonymous_2)
FN:65,(anonymous_3)
FN:98,(anonymous_4)
FN:133,(anonymous_5)
FN:173,(anonymous_6)
FN:216,(anonymous_7)
FN:258,(anonymous_8)
FN:299,(anonymous_9)
FN:337,(anonymous_10)
FN:381,(anonymous_11)
FN:424,(anonymous_12)
FN:460,(anonymous_13)
FN:507,(anonymous_14)
FN:548,(anonymous_15)
FNF:16
FNH:15
FNDA:66,(anonymous_0)
FNDA:66,(anonymous_1)
FNDA:65,(anonymous_2)
FNDA:68,(anonymous_3)
FNDA:22,(anonymous_4)
FNDA:150,(anonymous_5)
FNDA:165,(anonymous_6)
FNDA:68,(anonymous_7)
FNDA:68,(anonymous_8)
FNDA:0,(anonymous_9)
FNDA:14,(anonymous_10)
FNDA:24,(anonymous_11)
FNDA:53,(anonymous_12)
FNDA:19,(anonymous_13)
FNDA:29,(anonymous_14)
FNDA:65,(anonymous_15)
DA:4,2
DA:5,66
DA:6,66
DA:8,66
DA:9,13
DA:11,53
DA:16,2
DA:17,66
DA:18,66
DA:19,66
DA:21,66
DA:22,66
DA:23,53
DA:25,13
DA:26,23
DA:32,13
DA:33,67
DA:34,67
DA:35,67
DA:36,67
DA:37,39
DA:39,28
DA:40,44
DA:41,44
DA:48,13
DA:52,2
DA:53,65
DA:54,65
DA:55,54
DA:56,12
DA:58,54
DA:59,17
DA:61,65
DA:65,2
DA:66,68
DA:67,68
DA:68,68
DA:71,68
DA:72,12
DA:74,68
DA:75,7
DA:80,68
DA:81,7
DA:82,7
DA:86,68
DA:87,12
DA:88,12
DA:92,68
DA:93,68
DA:98,2
DA:99,22
DA:100,22
DA:101,22
DA:103,22
DA:104,11
DA:105,11
DA:106,11
DA:108,11
DA:109,9
DA:110,5
DA:112,9
DA:113,4
DA:117,22
DA:118,11
DA:119,11
DA:120,11
DA:122,11
DA:123,9
DA:124,5
DA:126,9
DA:127,4
DA:130,22
DA:133,2
DA:134,150
DA:136,150
DA:137,76
DA:138,76
DA:139,76
DA:140,76
DA:142,76
DA:143,23
DA:145,53
DA:146,18
DA:147,12
DA:148,6
DA:150,35
DA:153,74
DA:155,74
DA:156,74
DA:157,74
DA:158,74
DA:160,74
DA:161,22
DA:163,52
DA:164,13
DA:165,9
DA:167,4
DA:169,39
DA:173,2
DA:174,165
DA:176,165
DA:177,83
DA:178,83
DA:179,83
DA:180,83
DA:182,83
DA:183,23
DA:185,60
DA:186,24
DA:187,20
DA:189,4
DA:191,36
DA:195,82
DA:196,82
DA:197,82
DA:198,82
DA:199,82
DA:201,82
DA:202,22
DA:205,60
DA:206,28
DA:207,24
DA:209,4
DA:211,32
DA:216,2
DA:217,68
DA:219,68
DA:220,32
DA:221,32
DA:222,32
DA:223,32
DA:225,32
DA:226,9
DA:228,23
DA:229,7
DA:230,6
DA:232,1
DA:234,16
DA:238,36
DA:239,36
DA:240,36
DA:241,36
DA:242,36
DA:244,36
DA:245,8
DA:247,28
DA:248,7
DA:249,6
DA:251,1
DA:253,21
DA:258,2
DA:259,68
DA:261,68
DA:262,32
DA:263,32
DA:264,32
DA:265,32
DA:267,32
DA:268,9
DA:270,23
DA:271,5
DA:272,3
DA:274,2
DA:276,18
DA:280,36
DA:281,36
DA:282,36
DA:283,36
DA:284,36
DA:286,36
DA:287,8
DA:289,28
DA:290,6
DA:291,4
DA:293,2
DA:295,22
DA:299,2
DA:300,0
DA:302,0
DA:303,0
DA:304,0
DA:305,0
DA:307,0
DA:308,0
DA:310,0
DA:311,0
DA:312,0
DA:313,0
DA:315,0
DA:318,0
DA:319,0
DA:320,0
DA:321,0
DA:323,0
DA:324,0
DA:326,0
DA:327,0
DA:328,0
DA:329,0
DA:331,0
DA:337,2
DA:338,14
DA:339,14
DA:341,14
DA:342,6
DA:343,6
DA:344,6
DA:345,6
DA:348,6
DA:349,6
DA:350,6
DA:352,0
DA:355,0
DA:357,6
DA:360,8
DA:361,8
DA:362,8
DA:363,8
DA:364,8
DA:366,8
DA:367,8
DA:368,8
DA:370,0
DA:373,0
DA:375,8
DA:381,2
DA:382,24
DA:383,24
DA:385,24
DA:386,12
DA:387,12
DA:388,12
DA:389,12
DA:391,12
DA:392,12
DA:393,12
DA:395,0
DA:398,0
DA:400,12
DA:403,12
DA:404,12
DA:405,12
DA:406,12
DA:407,12
DA:409,12
DA:410,12
DA:411,12
DA:413,0
DA:416,0
DA:418,12
DA:424,2
DA:425,53
DA:426,53
DA:428,53
DA:429,26
DA:430,26
DA:431,26
DA:433,26
DA:434,24
DA:435,13
DA:438,24
DA:439,8
DA:443,53
DA:444,27
DA:445,27
DA:446,27
DA:448,27
DA:449,24
DA:450,10
DA:452,24
DA:453,11
DA:457,53
DA:460,2
DA:461,19
DA:463,19
DA:464,10
DA:466,10
DA:467,10
DA:468,10
DA:469,10
DA:472,10
DA:473,10
DA:474,10
DA:476,0
DA:479,0
DA:481,10
DA:486,9
DA:487,9
DA:489,9
DA:490,9
DA:491,9
DA:492,9
DA:494,9
DA:495,9
DA:496,9
DA:498,0
DA:500,0
DA:502,9
DA:507,2
DA:508,29
DA:510,29
DA:511,13
DA:513,13
DA:514,13
DA:515,13
DA:516,13
DA:518,13
DA:519,13
DA:520,13
DA:522,0
DA:524,0
DA:526,13
DA:529,16
DA:530,16
DA:531,16
DA:532,16
DA:533,16
DA:534,16
DA:536,16
DA:537,16
DA:538,16
DA:540,0
DA:542,0
DA:544,16
DA:548,2
DA:549,65
DA:551,65
DA:552,35
DA:553,35
DA:554,35
DA:556,35
DA:557,0
DA:559,35
DA:560,28
DA:561,7
DA:562,2
DA:564,5
DA:569,30
DA:570,30
DA:571,30
DA:572,30
DA:574,30
DA:575,1
DA:577,29
DA:578,20
DA:579,9
DA:580,4
DA:582,5
LF:348
LH:308
BRDA:8,0,0,13
BRDA:8,0,1,53
BRDA:11,1,0,22
BRDA:11,1,1,31
BRDA:21,2,0,26
BRDA:21,2,1,40
BRDA:22,3,0,53
BRDA:22,3,1,13
BRDA:35,4,0,42
BRDA:35,4,1,25
BRDA:36,5,0,39
BRDA:36,5,1,28
BRDA:54,6,0,54
BRDA:54,6,1,11
BRDA:55,7,0,12
BRDA:55,7,1,42
BRDA:58,8,0,17
BRDA:58,8,1,37
BRDA:71,9,0,12
BRDA:71,9,1,56
BRDA:74,10,0,7
BRDA:74,10,1,61
BRDA:80,11,0,7
BRDA:80,11,1,61
BRDA:81,12,0,7
BRDA:81,12,1,0
BRDA:86,13,0,12
BRDA:86,13,1,56
BRDA:87,14,0,12
BRDA:87,14,1,0
BRDA:103,15,0,11
BRDA:103,15,1,11
BRDA:108,16,0,9
BRDA:108,16,1,2
BRDA:109,17,0,5
BRDA:109,17,1,4
BRDA:112,18,0,4
BRDA:112,18,1,5
BRDA:117,19,0,11
BRDA:117,19,1,11
BRDA:122,20,0,9
BRDA:122,20,1,2
BRDA:123,21,0,5
BRDA:123,21,1,4
BRDA:126,22,0,4
BRDA:126,22,1,5
BRDA:136,23,0,76
BRDA:136,23,1,74
BRDA:142,24,0,23
BRDA:142,24,1,53
BRDA:145,25,0,18
BRDA:145,25,1,35
BRDA:145,26,0,53
BRDA:145,26,1,26
BRDA:146,27,0,12
BRDA:146,27,1,6
BRDA:153,28,0,74
BRDA:153,28,1,0
BRDA:160,29,0,22
BRDA:160,29,1,52
BRDA:163,30,0,13
BRDA:163,30,1,39
BRDA:163,31,0,52
BRDA:163,31,1,17
BRDA:164,32,0,9
BRDA:164,32,1,4
BRDA:176,33,0,83
BRDA:176,33,1,82
BRDA:182,34,0,23
BRDA:182,34,1,60
BRDA:185,35,0,24
BRDA:185,35,1,36
BRDA:185,36,0,60
BRDA:185,36,1,28
BRDA:186,37,0,20
BRDA:186,37,1,4
BRDA:195,38,0,82
BRDA:195,38,1,0
BRDA:201,39,0,22
BRDA:201,39,1,60
BRDA:205,40,0,28
BRDA:205,40,1,32
BRDA:205,41,0,60
BRDA:205,41,1,36
BRDA:206,42,0,24
BRDA:206,42,1,4
BRDA:219,43,0,32
BRDA:219,43,1,36
BRDA:225,44,0,9
BRDA:225,44,1,23
BRDA:228,45,0,7
BRDA:228,45,1,16
BRDA:228,46,0,23
BRDA:228,46,1,8
BRDA:229,47,0,6
BRDA:229,47,1,1
BRDA:238,48,0,36
BRDA:238,48,1,0
BRDA:244,49,0,8
BRDA:244,49,1,28
BRDA:247,50,0,7
BRDA:247,50,1,21
BRDA:247,51,0,28
BRDA:247,51,1,9
BRDA:248,52,0,6
BRDA:248,52,1,1
BRDA:261,53,0,32
BRDA:261,53,1,36
BRDA:267,54,0,9
BRDA:267,54,1,23
BRDA:270,55,0,5
BRDA:270,55,1,18
BRDA:270,56,0,23
BRDA:270,56,1,5
BRDA:271,57,0,3
BRDA:271,57,1,2
BRDA:280,58,0,36
BRDA:280,58,1,0
BRDA:286,59,0,8
BRDA:286,59,1,28
BRDA:289,60,0,6
BRDA:289,60,1,22
BRDA:289,61,0,28
BRDA:289,61,1,6
BRDA:290,62,0,4
BRDA:290,62,1,2
BRDA:302,63,0,0
BRDA:302,63,1,0
BRDA:307,64,0,0
BRDA:307,64,1,0
BRDA:310,65,0,0
BRDA:310,65,1,0
BRDA:310,66,0,0
BRDA:310,66,1,0
BRDA:310,66,2,0
BRDA:312,67,0,0
BRDA:312,67,1,0
BRDA:312,68,0,0
BRDA:312,68,1,0
BRDA:312,68,2,0
BRDA:318,69,0,0
BRDA:318,69,1,0
BRDA:323,70,0,0
BRDA:323,70,1,0
BRDA:326,71,0,0
BRDA:326,71,1,0
BRDA:326,72,0,0
BRDA:326,72,1,0
BRDA:326,72,2,0
BRDA:328,73,0,0
BRDA:328,73,1,0
BRDA:328,74,0,0
BRDA:328,74,1,0
BRDA:328,74,2,0
BRDA:341,75,0,6
BRDA:341,75,1,8
BRDA:348,76,0,6
BRDA:348,76,1,0
BRDA:348,77,0,6
BRDA:348,77,1,6
BRDA:349,78,0,6
BRDA:349,78,1,0
BRDA:360,79,0,8
BRDA:360,79,1,0
BRDA:366,80,0,8
BRDA:366,80,1,0
BRDA:366,81,0,8
BRDA:366,81,1,8
BRDA:367,82,0,8
BRDA:367,82,1,0
BRDA:385,83,0,12
BRDA:385,83,1,12
BRDA:391,84,0,12
BRDA:391,84,1,0
BRDA:391,85,0,12
BRDA:391,85,1,12
BRDA:392,86,0,12
BRDA:392,86,1,0
BRDA:403,87,0,12
BRDA:403,87,1,0
BRDA:409,88,0,12
BRDA:409,88,1,0
BRDA:409,89,0,12
BRDA:409,89,1,12
BRDA:410,90,0,12
BRDA:410,90,1,0
BRDA:428,91,0,26
BRDA:428,91,1,27
BRDA:433,92,0,24
BRDA:433,92,1,2
BRDA:434,93,0,13
BRDA:434,93,1,11
BRDA:438,94,0,8
BRDA:438,94,1,16
BRDA:443,95,0,27
BRDA:443,95,1,26
BRDA:448,96,0,24
BRDA:448,96,1,3
BRDA:449,97,0,10
BRDA:449,97,1,14
BRDA:452,98,0,11
BRDA:452,98,1,13
BRDA:463,99,0,10
BRDA:463,99,1,9
BRDA:472,100,0,10
BRDA:472,100,1,0
BRDA:472,101,0,10
BRDA:472,101,1,10
BRDA:473,102,0,10
BRDA:473,102,1,0
BRDA:486,103,0,9
BRDA:486,103,1,0
BRDA:494,104,0,9
BRDA:494,104,1,0
BRDA:494,105,0,9
BRDA:494,105,1,9
BRDA:495,106,0,9
BRDA:495,106,1,0
BRDA:510,107,0,13
BRDA:510,107,1,16
BRDA:518,108,0,13
BRDA:518,108,1,0
BRDA:518,109,0,13
BRDA:518,109,1,13
BRDA:519,110,0,13
BRDA:519,110,1,0
BRDA:529,111,0,16
BRDA:529,111,1,0
BRDA:536,112,0,16
BRDA:536,112,1,0
BRDA:536,113,0,16
BRDA:536,113,1,16
BRDA:537,114,0,16
BRDA:537,114,1,0
BRDA:551,115,0,35
BRDA:551,115,1,30
BRDA:556,116,0,0
BRDA:556,116,1,35
BRDA:559,117,0,28
BRDA:559,117,1,7
BRDA:559,118,0,35
BRDA:559,118,1,15
BRDA:559,118,2,7
BRDA:561,119,0,2
BRDA:561,119,1,5
BRDA:561,120,0,7
BRDA:561,120,1,5
BRDA:561,120,2,5
BRDA:569,121,0,30
BRDA:569,121,1,0
BRDA:574,122,0,1
BRDA:574,122,1,29
BRDA:577,123,0,20
BRDA:577,123,1,9
BRDA:577,124,0,29
BRDA:577,124,1,18
BRDA:577,124,2,11
BRDA:579,125,0,4
BRDA:579,125,1,5
BRDA:579,126,0,9
BRDA:579,126,1,5
BRDA:579,126,2,5
BRF:262
BRH:206
end_of_record
TN:
SF:C:\Users\Kaur Taal\Documents\Isiklik\Kabe-veebirakendus\src\scripts\data.js
FN:2,(anonymous_0)
FNF:1
FNH:0
FNDA:0,(anonymous_0)
DA:2,0
DA:3,0
LF:2
LH:0
BRF:0
BRH:0
end_of_record
TN:
SF:C:\Users\Kaur Taal\Documents\Isiklik\Kabe-veebirakendus\src\scripts\hinda.js
FN:2,(anonymous_0)
FNF:1
FNH:1
FNDA:2,(anonymous_0)
DA:2,1
DA:3,2
DA:4,2
DA:5,16
DA:6,128
DA:7,9
DA:8,4
DA:10,5
DA:14,2
LF:9
LH:9
BRDA:6,0,0,9
BRDA:6,0,1,119
BRDA:6,1,0,128
BRDA:6,1,1,14
BRDA:7,2,0,4
BRDA:7,2,1,5
BRF:6
BRH:6
end_of_record
TN:
SF:C:\Users\Kaur Taal\Documents\Isiklik\Kabe-veebirakendus\src\scripts\kasMängLäbi.js
FN:2,(anonymous_0)
FN:7,(anonymous_1)
FN:8,(anonymous_2)
FNF:3
FNH:3
FNDA:3,(anonymous_0)
FNDA:24,(anonymous_1)
FNDA:192,(anonymous_2)
DA:2,1
DA:4,3
DA:5,3
DA:7,3
DA:8,24
DA:9,192
DA:10,24
DA:11,15
DA:12,24
DA:13,9
DA:18,3
DA:19,1
DA:20,2
DA:21,1
DA:23,1
LF:15
LH:15
BRDA:9,0,0,24
BRDA:9,0,1,168
BRDA:10,1,0,15
BRDA:10,1,1,9
BRDA:12,2,0,9
BRDA:12,2,1,15
BRDA:18,3,0,1
BRDA:18,3,1,2
BRDA:18,4,0,3
BRDA:18,4,1,1
BRDA:20,5,0,1
BRDA:20,5,1,1
BRDA:20,6,0,2
BRDA:20,6,1,1
BRF:14
BRH:14
end_of_record
TN:
SF:C:\Users\Kaur Taal\Documents\Isiklik\Kabe-veebirakendus\src\scripts\sooritaKäik.js
FN:1,(anonymous_0)
FN:59,(anonymous_1)
FN:69,(anonymous_2)
FNF:3
FNH:3
FNDA:75,(anonymous_0)
FNDA:75,(anonymous_1)
FNDA:75,(anonymous_2)
DA:1,3
DA:2,75
DA:3,75
DA:4,75
DA:5,75
DA:6,75
DA:7,75
DA:8,75
DA:10,75
DA:12,73
DA:13,20
DA:14,20
DA:15,20
DA:16,20
DA:17,20
DA:21,73
DA:22,15
DA:23,15
DA:24,15
DA:25,15
DA:26,15
DA:30,73
DA:31,24
DA:32,24
DA:33,24
DA:34,24
DA:35,24
DA:39,73
DA:40,14
DA:41,14
DA:42,14
DA:43,14
DA:44,14
DA:48,2
DA:49,2
DA:52,75
DA:53,9
DA:55,75
DA:59,3
DA:60,75
DA:61,75
DA:63,75
DA:64,73
DA:66,2
DA:69,3
DA:70,75
DA:71,75
DA:72,1
DA:73,74
DA:74,8
DA:75,66
LF:51
LH:51
BRDA:10,0,0,73
BRDA:10,0,1,2
BRDA:12,1,0,20
BRDA:12,1,1,53
BRDA:12,2,0,73
BRDA:12,2,1,35
BRDA:21,3,0,15
BRDA:21,3,1,58
BRDA:21,4,0,73
BRDA:21,4,1,35
BRDA:30,5,0,24
BRDA:30,5,1,49
BRDA:30,6,0,73
BRDA:30,6,1,38
BRDA:39,7,0,14
BRDA:39,7,1,59
BRDA:39,8,0,73
BRDA:39,8,1,38
BRDA:52,9,0,9
BRDA:52,9,1,66
BRDA:63,10,0,73
BRDA:63,10,1,2
BRDA:71,11,0,1
BRDA:71,11,1,74
BRDA:71,12,0,75
BRDA:71,12,1,36
BRDA:73,13,0,8
BRDA:73,13,1,66
BRDA:73,14,0,74
BRDA:73,14,1,39
BRF:30
BRH:30
end_of_record
TN:
SF:C:\Users\Kaur Taal\Documents\Isiklik\Kabe-veebirakendus\tests\unit\erinevadLauaSeisud.js
FN:1,(anonymous_0)
FNF:1
FNH:1
FNDA:83,(anonymous_0)
DA:1,5
DA:2,83
LF:2
LH:2
BRF:0
BRH:0
end_of_record
